Log file open, 02/08/21 11:00:47
LogWindows: Failed to load 'aqProf.dll' (GetLastError=126)
LogWindows: File 'aqProf.dll' does not exist
LogWindows: Failed to load 'VtuneApi.dll' (GetLastError=126)
LogWindows: File 'VtuneApi.dll' does not exist
LogWindows: Failed to load 'VtuneApi32e.dll' (GetLastError=126)
LogWindows: File 'VtuneApi32e.dll' does not exist
LogConsoleResponse: Display: Failed to find resolution value strings in scalability ini. Falling back to default.
LogInit: Display: Running engine for game: System_02
LogPlatformFile: Not using cached read wrapper
LogTaskGraph: Started task graph with 5 named threads and 20 total threads with 3 sets of task threads.
LogStats: Stats thread started at 5.573617
LogD3D11RHI: Loaded GFSDK_Aftermath_Lib.x64.dll
LogICUInternationalization: ICU TimeZone Detection - Raw Offset: -3:00, Platform Override: ''
LogPluginManager: Mounting plugin Paper2D
LogPluginManager: Mounting plugin AISupport
LogPluginManager: Mounting plugin LightPropagationVolume
LogPluginManager: Mounting plugin ActorLayerUtilities
LogPluginManager: Mounting plugin AnimationSharing
LogPluginManager: Mounting plugin CLionSourceCodeAccess
LogPluginManager: Mounting plugin CodeLiteSourceCodeAccess
LogPluginManager: Mounting plugin GitSourceControl
LogPluginManager: Mounting plugin KDevelopSourceCodeAccess
LogPluginManager: Mounting plugin NullSourceCodeAccess
LogPluginManager: Mounting plugin PerforceSourceControl
LogPluginManager: Mounting plugin PlasticSourceControl
LogPluginManager: Mounting plugin SubversionSourceControl
LogPluginManager: Mounting plugin UObjectPlugin
LogPluginManager: Mounting plugin VisualStudioCodeSourceCodeAccess
LogPluginManager: Mounting plugin VisualStudioSourceCodeAccess
LogPluginManager: Mounting plugin XCodeSourceCodeAccess
LogPluginManager: Mounting plugin AssetManagerEditor
LogPluginManager: Mounting plugin CryptoKeys
LogPluginManager: Mounting plugin CurveEditorTools
LogPluginManager: Mounting plugin DataValidation
LogPluginManager: Mounting plugin FacialAnimation
LogPluginManager: Mounting plugin GameplayTagsEditor
LogPluginManager: Mounting plugin MacGraphicsSwitching
LogPluginManager: Mounting plugin MaterialAnalyzer
LogPluginManager: Mounting plugin MobileLauncherProfileWizard
LogPluginManager: Mounting plugin PluginBrowser
LogPluginManager: Mounting plugin SpeedTreeImporter
LogPluginManager: Mounting plugin DatasmithContent
LogPluginManager: Mounting plugin VariantManagerContent
LogPluginManager: Mounting plugin AlembicImporter
LogPluginManager: Mounting plugin AutomationUtils
LogPluginManager: Mounting plugin BackChannel
LogPluginManager: Mounting plugin CharacterAI
LogPluginManager: Mounting plugin GeometryCache
LogPluginManager: Mounting plugin PlatformCrypto
LogPluginManager: Mounting plugin ProxyLODPlugin
LogPluginManager: Mounting plugin SkeletalReduction
LogPluginManager: Mounting plugin MagicLeap
LogPluginManager: Mounting plugin MagicLeapMedia
LogPluginManager: Mounting plugin MLSDK
LogPluginManager: Mounting plugin AndroidMedia
LogPluginManager: Mounting plugin AvfMedia
LogPluginManager: Mounting plugin ImgMedia
LogPluginManager: Mounting plugin MediaCompositing
LogPluginManager: Mounting plugin MediaPlayerEditor
LogPluginManager: Mounting plugin WebMMedia
LogPluginManager: Mounting plugin WmfMedia
LogPluginManager: Mounting plugin TcpMessaging
LogPluginManager: Mounting plugin UdpMessaging
LogPluginManager: Mounting plugin ActorSequence
LogPluginManager: Mounting plugin LevelSequenceEditor
LogPluginManager: Mounting plugin MatineeToLevelSequence
LogPluginManager: Mounting plugin NetcodeUnitTest
LogPluginManager: Mounting plugin NUTUnrealEngine4
LogPluginManager: Mounting plugin OnlineSubsystemGooglePlay
LogPluginManager: Mounting plugin OnlineSubsystemIOS
LogPluginManager: Mounting plugin OnlineSubsystem
LogPluginManager: Mounting plugin OnlineSubsystemNull
LogPluginManager: Mounting plugin OnlineSubsystemUtils
LogPluginManager: Mounting plugin LauncherChunkInstaller
LogPluginManager: Mounting plugin AndroidDeviceProfileSelector
LogPluginManager: Mounting plugin AndroidMoviePlayer
LogPluginManager: Mounting plugin AndroidPermission
LogPluginManager: Mounting plugin AppleImageUtils
LogPluginManager: Mounting plugin AppleMoviePlayer
LogPluginManager: Mounting plugin ArchVisCharacter
LogPluginManager: Mounting plugin AssetTags
LogPluginManager: Mounting plugin AudioCapture
LogPluginManager: Mounting plugin CableComponent
LogPluginManager: Mounting plugin CustomMeshComponent
LogPluginManager: Mounting plugin EditableMesh
LogPluginManager: Mounting plugin ExampleDeviceProfileSelector
LogPluginManager: Mounting plugin GoogleCloudMessaging
LogPluginManager: Mounting plugin IOSDeviceProfileSelector
LogPluginManager: Mounting plugin LinuxDeviceProfileSelector
LogPluginManager: Mounting plugin LocationServicesBPLibrary
LogPluginManager: Mounting plugin MobilePatchingUtils
LogPluginManager: Mounting plugin OculusVR
LogPluginManager: Mounting plugin PhysXVehicles
LogPluginManager: Mounting plugin PostSplashScreen
LogPluginManager: Mounting plugin ProceduralMeshComponent
LogPluginManager: Mounting plugin RuntimePhysXCooking
LogPluginManager: Mounting plugin SignificanceManager
LogPluginManager: Mounting plugin SteamVR
LogPluginManager: Mounting plugin WebMMoviePlayer
LogPluginManager: Mounting plugin WindowsMoviePlayer
LogPluginManager: Mounting plugin ScreenshotTools
LogInit: Using libcurl 7.55.1-DEV
LogInit:  - built for x86_64-pc-win32
LogInit:  - supports SSL with OpenSSL/1.1.1
LogInit:  - supports HTTP deflate (compression) using libz 1.2.8
LogInit:  - other features:
LogInit:      CURL_VERSION_SSL
LogInit:      CURL_VERSION_LIBZ
LogInit:      CURL_VERSION_IPV6
LogInit:      CURL_VERSION_ASYNCHDNS
LogInit:      CURL_VERSION_LARGEFILE
LogInit:      CURL_VERSION_IDN
LogInit:  CurlRequestOptions (configurable via config and command line):
LogInit:  - bVerifyPeer = true  - Libcurl will verify peer certificate
LogInit:  - bUseHttpProxy = false  - Libcurl will NOT use HTTP proxy
LogInit:  - bDontReuseConnections = false  - Libcurl will reuse connections
LogInit:  - MaxHostConnections = 16  - Libcurl will limit the number of connections to a host
LogInit:  - LocalHostAddr = Default
LogInit:  - BufferSize = 65536
LogOnline: OSS: Creating online subsystem instance for: NULL
LogInit: WinSock: version 1.1 (2.2), MaxSocks=32767, MaxUdp=65467
LogOnline: OSS: TryLoadSubsystemAndSetDefault: Loaded subsystem for module [NULL]
LogInit: Build: ++UE4+Release-4.24-CL-11590370
LogInit: Engine Version: 4.24.3-11590370+++UE4+Release-4.24
LogInit: Compatible Engine Version: 4.24.0-10570792+++UE4+Release-4.24
LogInit: Net CL: 10570792
LogInit: OS: Windows 10 (Release 1909) (), CPU: Intel(R) Core(TM) i5-8400 CPU @ 2.80GHz, GPU: NVIDIA GeForce GTX 1060 6GB
LogInit: Compiled (64-bit): Feb 24 2020 15:39:18
LogInit: Compiled with Visual C++: 19.16.27032.01
LogInit: Build Configuration: Development
LogInit: Branch Name: ++UE4+Release-4.24
LogInit: Command Line: 
LogInit: Base Directory: D:/Program Files/EpicGames/UE_4.24/Engine/Binaries/Win64/
LogInit: Installed Engine Build: 1
LogDevObjectVersion: Number of dev versions registered: 25
LogDevObjectVersion:   Dev-Blueprints (B0D832E4-1F89-4F0D-ACCF-7EB736FD4AA2): 10
LogDevObjectVersion:   Dev-Build (E1C64328-A22C-4D53-A36C-8E866417BD8C): 0
LogDevObjectVersion:   Dev-Core (375EC13C-06E4-48FB-B500-84F0262A717E): 3
LogDevObjectVersion:   Dev-Editor (E4B068ED-F494-42E9-A231-DA0B2E46BB41): 37
LogDevObjectVersion:   Dev-Framework (CFFC743F-43B0-4480-9391-14DF171D2073): 36
LogDevObjectVersion:   Dev-Mobile (B02B49B5-BB20-44E9-A304-32B752E40360): 2
LogDevObjectVersion:   Dev-Networking (A4E4105C-59A1-49B5-A7C5-40C4547EDFEE): 0
LogDevObjectVersion:   Dev-Online (39C831C9-5AE6-47DC-9A44-9C173E1C8E7C): 0
LogDevObjectVersion:   Dev-Physics (78F01B33-EBEA-4F98-B9B4-84EACCB95AA2): 2
LogDevObjectVersion:   Dev-Platform (6631380F-2D4D-43E0-8009-CF276956A95A): 0
LogDevObjectVersion:   Dev-Rendering (12F88B9F-8875-4AFC-A67C-D90C383ABD29): 36
LogDevObjectVersion:   Dev-Sequencer (7B5AE74C-D270-4C10-A958-57980B212A5A): 11
LogDevObjectVersion:   Dev-VR (D7296918-1DD6-4BDD-9DE2-64A83CC13884): 2
LogDevObjectVersion:   Dev-LoadTimes (C2A15278-BFE7-4AFE-6C17-90FF531DF755): 1
LogDevObjectVersion:   Private-Geometry (6EACA3D4-40EC-4CC1-B786-8BED09428FC5): 3
LogDevObjectVersion:   Dev-AnimPhys (29E575DD-E0A3-4627-9D10-D276232CDCEA): 17
LogDevObjectVersion:   Dev-Anim (AF43A65D-7FD3-4947-9873-3E8ED9C1BB05): 2
LogDevObjectVersion:   Dev-ReflectionCapture (6B266CEC-1EC7-4B8F-A30B-E4D90942FC07): 1
LogDevObjectVersion:   Dev-Automation (0DF73D61-A23F-47EA-B727-89E90C41499A): 1
LogDevObjectVersion:   FortniteMain (601D1886-AC64-4F84-AA16-D3DE0DEAC7D6): 31
LogDevObjectVersion:   Dev-Enterprise (9DFFBCD6-494F-0158-E221-12823C92A888): 8
LogDevObjectVersion:   Dev-Niagara (F2AED0AC-9AFE-416F-8664-AA7FFA26D6FC): 1
LogDevObjectVersion:   Dev-Destruction (174F1F0B-B4C6-45A5-B13F-2EE8D0FB917D): 9
LogDevObjectVersion:   Dev-Physics-Ext (35F94A83-E258-406C-A318-09F59610247C): 8
LogDevObjectVersion:   Dev-CineCamera (B2E18506-4273-CFC2-A54E-F4BB758BBA07): 1
LogInit: Presizing for max 25165824 objects, including 0 objects not considered by GC, pre-allocating 0 bytes for permanent pool.
LogInit: Object subsystem initialized
LogConfig: Setting CVar [[con.DebugEarlyDefault:1]]
LogConfig: Setting CVar [[r.setres:1280x720]]
[2021.02.08-14.00.50:370][  0]LogConfig: Setting CVar [[r.VSync:0]]
[2021.02.08-14.00.50:370][  0]LogConfig: Setting CVar [[r.RHICmdBypass:0]]
[2021.02.08-14.00.50:384][  0]LogConfig: Applying CVar settings from Section [/Script/Engine.RendererSettings] File [D:/Downloads/Portfolio/System_02/CoverSystem/System_02/Saved/Config/Windows/Engine.ini]
[2021.02.08-14.00.50:384][  0]LogConfig: Setting CVar [[r.GPUCrashDebugging:0]]
[2021.02.08-14.00.50:384][  0]LogConfig: Setting CVar [[r.MobileHDR:1]]
[2021.02.08-14.00.50:384][  0]LogConfig: Setting CVar [[r.Mobile.DisableVertexFog:1]]
[2021.02.08-14.00.50:384][  0]LogConfig: Setting CVar [[r.Shadow.CSM.MaxMobileCascades:2]]
[2021.02.08-14.00.50:384][  0]LogConfig: Setting CVar [[r.MobileMSAA:1]]
[2021.02.08-14.00.50:384][  0]LogConfig: Setting CVar [[r.Mobile.UseLegacyShadingModel:0]]
[2021.02.08-14.00.50:384][  0]LogConfig: Setting CVar [[r.Mobile.UseHWsRGBEncoding:0]]
[2021.02.08-14.00.50:384][  0]LogConfig: Setting CVar [[r.Mobile.AllowDitheredLODTransition:0]]
[2021.02.08-14.00.50:384][  0]LogConfig: Setting CVar [[r.Mobile.AllowSoftwareOcclusion:0]]
[2021.02.08-14.00.50:384][  0]LogConfig: Setting CVar [[r.DiscardUnusedQuality:0]]
[2021.02.08-14.00.50:384][  0]LogConfig: Setting CVar [[r.AllowOcclusionQueries:1]]
[2021.02.08-14.00.50:384][  0]LogConfig: Setting CVar [[r.MinScreenRadiusForLights:0.030000]]
[2021.02.08-14.00.50:384][  0]LogConfig: Setting CVar [[r.MinScreenRadiusForDepthPrepass:0.030000]]
[2021.02.08-14.00.50:384][  0]LogConfig: Setting CVar [[r.MinScreenRadiusForCSMDepth:0.010000]]
[2021.02.08-14.00.50:384][  0]LogConfig: Setting CVar [[r.PrecomputedVisibilityWarning:0]]
[2021.02.08-14.00.50:384][  0]LogConfig: Setting CVar [[r.TextureStreaming:1]]
[2021.02.08-14.00.50:384][  0]LogConfig: Setting CVar [[Compat.UseDXT5NormalMaps:0]]
[2021.02.08-14.00.50:384][  0]LogConfig: Setting CVar [[r.VirtualTextures:0]]
[2021.02.08-14.00.50:384][  0]LogConfig: Setting CVar [[r.VirtualTexturedLightmaps:0]]
[2021.02.08-14.00.50:385][  0]LogConfig: Setting CVar [[r.VT.TileSize:128]]
[2021.02.08-14.00.50:385][  0]LogConfig: Setting CVar [[r.VT.TileBorderSize:4]]
[2021.02.08-14.00.50:385][  0]LogConfig: Setting CVar [[r.vt.FeedbackFactor:16]]
[2021.02.08-14.00.50:385][  0]LogConfig: Setting CVar [[r.VT.EnableCompressZlib:1]]
[2021.02.08-14.00.50:385][  0]LogConfig: Setting CVar [[r.VT.EnableCompressCrunch:0]]
[2021.02.08-14.00.50:385][  0]LogConfig: Setting CVar [[r.ClearCoatNormal:0]]
[2021.02.08-14.00.50:385][  0]LogConfig: Setting CVar [[r.ReflectionCaptureResolution:128]]
[2021.02.08-14.00.50:385][  0]LogConfig: Setting CVar [[r.ReflectionEnvironmentLightmapMixBasedOnRoughness:1]]
[2021.02.08-14.00.50:385][  0]LogConfig: Setting CVar [[r.ForwardShading:0]]
[2021.02.08-14.00.50:385][  0]LogConfig: Setting CVar [[r.VertexFoggingForOpaque:1]]
[2021.02.08-14.00.50:385][  0]LogConfig: Setting CVar [[r.AllowStaticLighting:1]]
[2021.02.08-14.00.50:385][  0]LogConfig: Setting CVar [[r.NormalMapsForStaticLighting:0]]
[2021.02.08-14.00.50:385][  0]LogConfig: Setting CVar [[r.GenerateMeshDistanceFields:0]]
[2021.02.08-14.00.50:385][  0]LogConfig: Setting CVar [[r.DistanceFieldBuild.EightBit:0]]
[2021.02.08-14.00.50:385][  0]LogConfig: Setting CVar [[r.GenerateLandscapeGIData:0]]
[2021.02.08-14.00.50:385][  0]LogConfig: Setting CVar [[r.DistanceFieldBuild.Compress:0]]
[2021.02.08-14.00.50:385][  0]LogConfig: Setting CVar [[r.TessellationAdaptivePixelsPerTriangle:48.000000]]
[2021.02.08-14.00.50:385][  0]LogConfig: Setting CVar [[r.SeparateTranslucency:1]]
[2021.02.08-14.00.50:385][  0]LogConfig: Setting CVar [[r.TranslucentSortPolicy:0]]
[2021.02.08-14.00.50:385][  0]LogConfig: Setting CVar [[r.CustomDepth:1]]
[2021.02.08-14.00.50:385][  0]LogConfig: Setting CVar [[r.CustomDepthTemporalAAJitter:1]]
[2021.02.08-14.00.50:385][  0]LogConfig: Setting CVar [[r.PostProcessing.PropagateAlpha:0]]
[2021.02.08-14.00.50:385][  0]LogConfig: Setting CVar [[r.DefaultFeature.Bloom:1]]
[2021.02.08-14.00.50:385][  0]LogConfig: Setting CVar [[r.DefaultFeature.AmbientOcclusion:1]]
[2021.02.08-14.00.50:385][  0]LogConfig: Setting CVar [[r.DefaultFeature.AmbientOcclusionStaticFraction:1]]
[2021.02.08-14.00.50:385][  0]LogConfig: Setting CVar [[r.DefaultFeature.AutoExposure:0]]
[2021.02.08-14.00.50:385][  0]LogConfig: Setting CVar [[r.DefaultFeature.AutoExposure.Method:0]]
[2021.02.08-14.00.50:385][  0]LogConfig: Setting CVar [[r.DefaultFeature.AutoExposure.ExtendDefaultLuminanceRange:0]]
[2021.02.08-14.00.50:385][  0]LogConfig: Setting CVar [[r.UsePreExposure:1]]
[2021.02.08-14.00.50:385][  0]LogConfig: Setting CVar [[r.EyeAdaptation.EditorOnly:1]]
[2021.02.08-14.00.50:385][  0]LogConfig: Setting CVar [[r.DefaultFeature.MotionBlur:0]]
[2021.02.08-14.00.50:385][  0]LogConfig: Setting CVar [[r.DefaultFeature.LensFlare:0]]
[2021.02.08-14.00.50:385][  0]LogConfig: Setting CVar [[r.TemporalAA.Upsampling:0]]
[2021.02.08-14.00.50:385][  0]LogConfig: Setting CVar [[r.SSGI.Enable:0]]
[2021.02.08-14.00.50:385][  0]LogConfig: Setting CVar [[r.DefaultFeature.AntiAliasing:0]]
[2021.02.08-14.00.50:385][  0]LogConfig: Setting CVar [[r.DefaultFeature.LightUnits:1]]
[2021.02.08-14.00.50:385][  0]LogConfig: Setting CVar [[r.DefaultBackBufferPixelFormat:4]]
[2021.02.08-14.00.50:385][  0]LogConfig: Setting CVar [[r.Shadow.UnbuiltPreviewInGame:1]]
[2021.02.08-14.00.50:385][  0]LogConfig: Setting CVar [[r.StencilForLODDither:0]]
[2021.02.08-14.00.50:385][  0]LogConfig: Setting CVar [[r.EarlyZPass:3]]
[2021.02.08-14.00.50:409][  0]LogConfig: Setting CVar [[r.EarlyZPassOnlyMaterialMasking:0]]
[2021.02.08-14.00.50:409][  0]LogConfig: Setting CVar [[r.DBuffer:1]]
[2021.02.08-14.00.50:409][  0]LogConfig: Setting CVar [[r.ClearSceneMethod:1]]
[2021.02.08-14.00.50:409][  0]LogConfig: Setting CVar [[r.BasePassOutputsVelocity:0]]
[2021.02.08-14.00.50:409][  0]LogConfig: Setting CVar [[r.SelectiveBasePassOutputs:0]]
[2021.02.08-14.00.50:409][  0]LogConfig: Setting CVar [[fx.GPUSimulationTextureSizeX:1024]]
[2021.02.08-14.00.50:409][  0]LogConfig: Setting CVar [[fx.GPUSimulationTextureSizeY:1024]]
[2021.02.08-14.00.50:409][  0]LogConfig: Setting CVar [[r.AllowGlobalClipPlane:0]]
[2021.02.08-14.00.50:409][  0]LogConfig: Setting CVar [[r.GBufferFormat:1]]
[2021.02.08-14.00.50:409][  0]LogConfig: Setting CVar [[r.MorphTarget.Mode:1]]
[2021.02.08-14.00.50:409][  0]LogConfig: Setting CVar [[vr.InstancedStereo:0]]
[2021.02.08-14.00.50:409][  0]LogConfig: Setting CVar [[vr.MultiView:0]]
[2021.02.08-14.00.50:409][  0]LogConfig: Setting CVar [[vr.MobileMultiView:0]]
[2021.02.08-14.00.50:409][  0]LogConfig: Setting CVar [[vr.MobileMultiView.Direct:0]]
[2021.02.08-14.00.50:409][  0]LogConfig: Setting CVar [[vr.RoundRobinOcclusion:0]]
[2021.02.08-14.00.50:410][  0]LogConfig: Setting CVar [[vr.ODSCapture:0]]
[2021.02.08-14.00.50:410][  0]LogConfig: Setting CVar [[r.WireframeCullThreshold:5.000000]]
[2021.02.08-14.00.50:410][  0]LogConfig: Setting CVar [[r.RayTracing:0]]
[2021.02.08-14.00.50:410][  0]LogConfig: Setting CVar [[r.RayTracing.UseTextureLod:0]]
[2021.02.08-14.00.50:410][  0]LogConfig: Setting CVar [[r.SupportStationarySkylight:1]]
[2021.02.08-14.00.50:410][  0]LogConfig: Setting CVar [[r.SupportLowQualityLightmaps:1]]
[2021.02.08-14.00.50:410][  0]LogConfig: Setting CVar [[r.SupportPointLightWholeSceneShadows:1]]
[2021.02.08-14.00.50:410][  0]LogConfig: Setting CVar [[r.SupportAtmosphericFog:1]]
[2021.02.08-14.00.50:410][  0]LogConfig: Setting CVar [[r.SupportSkyAtmosphere:1]]
[2021.02.08-14.00.50:410][  0]LogConfig: Setting CVar [[r.SupportSkyAtmosphereAffectsHeightFog:0]]
[2021.02.08-14.00.50:410][  0]LogConfig: Setting CVar [[r.SkinCache.CompileShaders:0]]
[2021.02.08-14.00.50:410][  0]LogConfig: Setting CVar [[r.Mobile.EnableStaticAndCSMShadowReceivers:1]]
[2021.02.08-14.00.50:410][  0]LogConfig: Setting CVar [[r.Mobile.EnableMovableLightCSMShaderCulling:1]]
[2021.02.08-14.00.50:410][  0]LogConfig: Setting CVar [[r.Mobile.AllowDistanceFieldShadows:1]]
[2021.02.08-14.00.50:410][  0]LogConfig: Setting CVar [[r.Mobile.AllowMovableDirectionalLights:1]]
[2021.02.08-14.00.50:410][  0]LogConfig: Setting CVar [[r.MobileNumDynamicPointLights:4]]
[2021.02.08-14.00.50:410][  0]LogConfig: Setting CVar [[r.MobileDynamicPointLightsUseStaticBranch:1]]
[2021.02.08-14.00.50:410][  0]LogConfig: Setting CVar [[r.Mobile.EnableMovableSpotlights:0]]
[2021.02.08-14.00.50:410][  0]LogConfig: Setting CVar [[r.SkinCache.SceneMemoryLimitInMB:128.000000]]
[2021.02.08-14.00.50:410][  0]LogConfig: Setting CVar [[r.GPUSkin.Limit2BoneInfluences:0]]
[2021.02.08-14.00.50:410][  0]LogConfig: Setting CVar [[r.SupportDepthOnlyIndexBuffers:1]]
[2021.02.08-14.00.50:410][  0]LogConfig: Setting CVar [[r.SupportReversedIndexBuffers:1]]
[2021.02.08-14.00.50:410][  0]LogConfig: Setting CVar [[r.SupportMaterialLayers:0]]
[2021.02.08-14.00.50:410][  0]LogConfig: Setting CVar [[r.LightPropagationVolume:0]]
[2021.02.08-14.00.50:410][  0]LogConfig: Applying CVar settings from Section [/Script/Engine.RendererOverrideSettings] File [D:/Downloads/Portfolio/System_02/CoverSystem/System_02/Saved/Config/Windows/Engine.ini]
[2021.02.08-14.00.50:410][  0]LogConfig: Applying CVar settings from Section [/Script/Engine.StreamingSettings] File [D:/Downloads/Portfolio/System_02/CoverSystem/System_02/Saved/Config/Windows/Engine.ini]
[2021.02.08-14.00.50:410][  0]LogConfig: Setting CVar [[s.MinBulkDataSizeForAsyncLoading:131072]]
[2021.02.08-14.00.50:410][  0]LogConfig: Setting CVar [[s.AsyncLoadingThreadEnabled:0]]
[2021.02.08-14.00.50:410][  0]LogConfig: Setting CVar [[s.EventDrivenLoaderEnabled:1]]
[2021.02.08-14.00.50:410][  0]LogConfig: Setting CVar [[s.WarnIfTimeLimitExceeded:0]]
[2021.02.08-14.00.50:410][  0]LogConfig: Setting CVar [[s.TimeLimitExceededMultiplier:1.5]]
[2021.02.08-14.00.50:410][  0]LogConfig: Setting CVar [[s.TimeLimitExceededMinTime:0.005]]
[2021.02.08-14.00.50:410][  0]LogConfig: Setting CVar [[s.UseBackgroundLevelStreaming:1]]
[2021.02.08-14.00.50:410][  0]LogConfig: Setting CVar [[s.PriorityAsyncLoadingExtraTime:15.0]]
[2021.02.08-14.00.50:410][  0]LogConfig: Setting CVar [[s.LevelStreamingActorsUpdateTimeLimit:5.0]]
[2021.02.08-14.00.50:410][  0]LogConfig: Setting CVar [[s.PriorityLevelStreamingActorsUpdateExtraTime:5.0]]
[2021.02.08-14.00.50:410][  0]LogConfig: Setting CVar [[s.LevelStreamingComponentsRegistrationGranularity:10]]
[2021.02.08-14.00.50:410][  0]LogConfig: Setting CVar [[s.UnregisterComponentsTimeLimit:1.0]]
[2021.02.08-14.00.50:410][  0]LogConfig: Setting CVar [[s.LevelStreamingComponentsUnregistrationGranularity:5]]
[2021.02.08-14.00.50:410][  0]LogConfig: Setting CVar [[s.FlushStreamingOnExit:1]]
[2021.02.08-14.00.50:410][  0]LogConfig: Applying CVar settings from Section [/Script/Engine.GarbageCollectionSettings] File [D:/Downloads/Portfolio/System_02/CoverSystem/System_02/Saved/Config/Windows/Engine.ini]
[2021.02.08-14.00.50:410][  0]LogConfig: Setting CVar [[gc.MaxObjectsNotConsideredByGC:1]]
[2021.02.08-14.00.50:410][  0]LogConfig: Setting CVar [[gc.SizeOfPermanentObjectPool:0]]
[2021.02.08-14.00.50:410][  0]LogConfig: Setting CVar [[gc.FlushStreamingOnGC:0]]
[2021.02.08-14.00.50:410][  0]LogConfig: Setting CVar [[gc.NumRetriesBeforeForcingGC:10]]
[2021.02.08-14.00.50:410][  0]LogConfig: Setting CVar [[gc.AllowParallelGC:1]]
[2021.02.08-14.00.50:410][  0]LogConfig: Setting CVar [[gc.TimeBetweenPurgingPendingKillObjects:61.1]]
[2021.02.08-14.00.50:410][  0]LogConfig: Setting CVar [[gc.MaxObjectsInEditor:25165824]]
[2021.02.08-14.00.50:410][  0]LogConfig: Setting CVar [[gc.IncrementalBeginDestroyEnabled:1]]
[2021.02.08-14.00.50:410][  0]LogConfig: Setting CVar [[gc.CreateGCClusters:1]]
[2021.02.08-14.00.50:410][  0]LogConfig: Setting CVar [[gc.MinGCClusterSize:5]]
[2021.02.08-14.00.50:410][  0]LogConfig: Setting CVar [[gc.ActorClusteringEnabled:0]]
[2021.02.08-14.00.50:410][  0]LogConfig: Setting CVar [[gc.BlueprintClusteringEnabled:0]]
[2021.02.08-14.00.50:410][  0]LogConfig: Setting CVar [[gc.UseDisregardForGCOnDedicatedServers:0]]
[2021.02.08-14.00.50:410][  0]LogConfig: Applying CVar settings from Section [/Script/Engine.NetworkSettings] File [D:/Downloads/Portfolio/System_02/CoverSystem/System_02/Saved/Config/Windows/Engine.ini]
[2021.02.08-14.00.50:410][  0]LogConfig: Applying CVar settings from Section [/Script/UnrealEd.CookerSettings] File [D:/Downloads/Portfolio/System_02/CoverSystem/System_02/Saved/Config/Windows/Engine.ini]
[2021.02.08-14.00.50:453][  0]LogConfig: Applying CVar settings from Section [ViewDistanceQuality@3] File [D:/Downloads/Portfolio/System_02/CoverSystem/System_02/Saved/Config/Windows/Scalability.ini]
[2021.02.08-14.00.50:453][  0]LogConfig: Setting CVar [[r.SkeletalMeshLODBias:0]]
[2021.02.08-14.00.50:453][  0]LogConfig: Setting CVar [[r.ViewDistanceScale:1.0]]
[2021.02.08-14.00.50:453][  0]LogConfig: Applying CVar settings from Section [AntiAliasingQuality@3] File [D:/Downloads/Portfolio/System_02/CoverSystem/System_02/Saved/Config/Windows/Scalability.ini]
[2021.02.08-14.00.50:453][  0]LogConfig: Setting CVar [[r.PostProcessAAQuality:4]]
[2021.02.08-14.00.50:453][  0]LogConfig: Applying CVar settings from Section [ShadowQuality@3] File [D:/Downloads/Portfolio/System_02/CoverSystem/System_02/Saved/Config/Windows/Scalability.ini]
[2021.02.08-14.00.50:453][  0]LogConfig: Setting CVar [[r.LightFunctionQuality:1]]
[2021.02.08-14.00.50:453][  0]LogConfig: Setting CVar [[r.ShadowQuality:5]]
[2021.02.08-14.00.50:453][  0]LogConfig: Setting CVar [[r.Shadow.CSM.MaxCascades:10]]
[2021.02.08-14.00.50:453][  0]LogConfig: Setting CVar [[r.Shadow.MaxResolution:2048]]
[2021.02.08-14.00.50:453][  0]LogConfig: Setting CVar [[r.Shadow.MaxCSMResolution:2048]]
[2021.02.08-14.00.50:453][  0]LogConfig: Setting CVar [[r.Shadow.RadiusThreshold:0.01]]
[2021.02.08-14.00.50:453][  0]LogConfig: Setting CVar [[r.Shadow.DistanceScale:1.0]]
[2021.02.08-14.00.50:453][  0]LogConfig: Setting CVar [[r.Shadow.CSM.TransitionScale:1.0]]
[2021.02.08-14.00.50:453][  0]LogConfig: Setting CVar [[r.Shadow.PreShadowResolutionFactor:1.0]]
[2021.02.08-14.00.50:453][  0]LogConfig: Setting CVar [[r.DistanceFieldShadowing:1]]
[2021.02.08-14.00.50:453][  0]LogConfig: Setting CVar [[r.DistanceFieldAO:1]]
[2021.02.08-14.00.50:453][  0]LogConfig: Setting CVar [[r.AOQuality:2]]
[2021.02.08-14.00.50:453][  0]LogConfig: Setting CVar [[r.VolumetricFog:1]]
[2021.02.08-14.00.50:453][  0]LogConfig: Setting CVar [[r.VolumetricFog.GridPixelSize:8]]
[2021.02.08-14.00.50:453][  0]LogConfig: Setting CVar [[r.VolumetricFog.GridSizeZ:128]]
[2021.02.08-14.00.50:453][  0]LogConfig: Setting CVar [[r.VolumetricFog.HistoryMissSupersampleCount:4]]
[2021.02.08-14.00.50:453][  0]LogConfig: Setting CVar [[r.LightMaxDrawDistanceScale:1]]
[2021.02.08-14.00.50:453][  0]LogConfig: Setting CVar [[r.CapsuleShadows:1]]
[2021.02.08-14.00.50:453][  0]LogConfig: Applying CVar settings from Section [PostProcessQuality@3] File [D:/Downloads/Portfolio/System_02/CoverSystem/System_02/Saved/Config/Windows/Scalability.ini]
[2021.02.08-14.00.50:453][  0]LogConfig: Setting CVar [[r.MotionBlurQuality:4]]
[2021.02.08-14.00.50:453][  0]LogConfig: Setting CVar [[r.AmbientOcclusionMipLevelFactor:0.4]]
[2021.02.08-14.00.50:453][  0]LogConfig: Setting CVar [[r.AmbientOcclusionMaxQuality:100]]
[2021.02.08-14.00.50:453][  0]LogConfig: Setting CVar [[r.AmbientOcclusionLevels:-1]]
[2021.02.08-14.00.50:453][  0]LogConfig: Setting CVar [[r.AmbientOcclusionRadiusScale:1.0]]
[2021.02.08-14.00.50:454][  0]LogConfig: Setting CVar [[r.DepthOfFieldQuality:2]]
[2021.02.08-14.00.50:454][  0]LogConfig: Setting CVar [[r.RenderTargetPoolMin:400]]
[2021.02.08-14.00.50:454][  0]LogConfig: Setting CVar [[r.LensFlareQuality:2]]
[2021.02.08-14.00.50:454][  0]LogConfig: Setting CVar [[r.SceneColorFringeQuality:1]]
[2021.02.08-14.00.50:454][  0]LogConfig: Setting CVar [[r.EyeAdaptationQuality:2]]
[2021.02.08-14.00.50:454][  0]LogConfig: Setting CVar [[r.BloomQuality:5]]
[2021.02.08-14.00.50:454][  0]LogConfig: Setting CVar [[r.FastBlurThreshold:100]]
[2021.02.08-14.00.50:454][  0]LogConfig: Setting CVar [[r.Upscale.Quality:3]]
[2021.02.08-14.00.50:454][  0]LogConfig: Setting CVar [[r.Tonemapper.GrainQuantization:1]]
[2021.02.08-14.00.50:454][  0]LogConfig: Setting CVar [[r.LightShaftQuality:1]]
[2021.02.08-14.00.50:454][  0]LogConfig: Setting CVar [[r.Filter.SizeScale:1]]
[2021.02.08-14.00.50:454][  0]LogConfig: Setting CVar [[r.Tonemapper.Quality:5]]
[2021.02.08-14.00.50:454][  0]LogConfig: Setting CVar [[r.DOF.Gather.AccumulatorQuality:1        ; higher gathering accumulator quality]]
[2021.02.08-14.00.50:454][  0]LogConfig: Setting CVar [[r.DOF.Gather.PostfilterMethod:1          ; Median3x3 postfilering method]]
[2021.02.08-14.00.50:454][  0]LogConfig: Setting CVar [[r.DOF.Gather.EnableBokehSettings:0       ; no bokeh simulation when gathering]]
[2021.02.08-14.00.50:454][  0]LogConfig: Setting CVar [[r.DOF.Gather.RingCount:4                 ; medium number of samples when gathering]]
[2021.02.08-14.00.50:454][  0]LogConfig: Setting CVar [[r.DOF.Scatter.ForegroundCompositing:1    ; additive foreground scattering]]
[2021.02.08-14.00.50:454][  0]LogConfig: Setting CVar [[r.DOF.Scatter.BackgroundCompositing:2    ; additive background scattering]]
[2021.02.08-14.00.50:454][  0]LogConfig: Setting CVar [[r.DOF.Scatter.EnableBokehSettings:1      ; bokeh simulation when scattering]]
[2021.02.08-14.00.50:454][  0]LogConfig: Setting CVar [[r.DOF.Scatter.MaxSpriteRatio:0.1         ; only a maximum of 10% of scattered bokeh]]
[2021.02.08-14.00.50:454][  0]LogConfig: Setting CVar [[r.DOF.Recombine.Quality:1                ; cheap slight out of focus]]
[2021.02.08-14.00.50:454][  0]LogConfig: Setting CVar [[r.DOF.Recombine.EnableBokehSettings:0    ; no bokeh simulation on slight out of focus]]
[2021.02.08-14.00.50:454][  0]LogConfig: Setting CVar [[r.DOF.TemporalAAQuality:1                ; more stable temporal accumulation]]
[2021.02.08-14.00.50:454][  0]LogConfig: Setting CVar [[r.DOF.Kernel.MaxForegroundRadius:0.025]]
[2021.02.08-14.00.50:454][  0]LogConfig: Setting CVar [[r.DOF.Kernel.MaxBackgroundRadius:0.025]]
[2021.02.08-14.00.50:454][  0]LogConfig: Applying CVar settings from Section [TextureQuality@3] File [D:/Downloads/Portfolio/System_02/CoverSystem/System_02/Saved/Config/Windows/Scalability.ini]
[2021.02.08-14.00.50:454][  0]LogConfig: Setting CVar [[r.Streaming.MipBias:0]]
[2021.02.08-14.00.50:454][  0]LogConfig: Setting CVar [[r.Streaming.AmortizeCPUToGPUCopy:0]]
[2021.02.08-14.00.50:454][  0]LogConfig: Setting CVar [[r.Streaming.MaxNumTexturesToStreamPerFrame:0]]
[2021.02.08-14.00.50:454][  0]LogConfig: Setting CVar [[r.Streaming.Boost:1]]
[2021.02.08-14.00.50:454][  0]LogConfig: Setting CVar [[r.MaxAnisotropy:8]]
[2021.02.08-14.00.50:454][  0]LogConfig: Setting CVar [[r.VT.MaxAnisotropy:8]]
[2021.02.08-14.00.50:454][  0]LogConfig: Setting CVar [[r.Streaming.LimitPoolSizeToVRAM:0]]
[2021.02.08-14.00.50:454][  0]LogConfig: Setting CVar [[r.Streaming.PoolSize:1000]]
[2021.02.08-14.00.50:454][  0]LogConfig: Setting CVar [[r.Streaming.MaxEffectiveScreenSize:0]]
[2021.02.08-14.00.50:454][  0]LogConfig: Applying CVar settings from Section [EffectsQuality@3] File [D:/Downloads/Portfolio/System_02/CoverSystem/System_02/Saved/Config/Windows/Scalability.ini]
[2021.02.08-14.00.50:454][  0]LogConfig: Setting CVar [[r.TranslucencyLightingVolumeDim:64]]
[2021.02.08-14.00.50:454][  0]LogConfig: Setting CVar [[r.RefractionQuality:2]]
[2021.02.08-14.00.50:454][  0]LogConfig: Setting CVar [[r.SSR.Quality:3]]
[2021.02.08-14.00.50:454][  0]LogConfig: Setting CVar [[r.SSR.HalfResSceneColor:0]]
[2021.02.08-14.00.50:454][  0]LogConfig: Setting CVar [[r.SceneColorFormat:4]]
[2021.02.08-14.00.50:454][  0]LogConfig: Setting CVar [[r.DetailMode:2]]
[2021.02.08-14.00.50:454][  0]LogConfig: Setting CVar [[r.TranslucencyVolumeBlur:1]]
[2021.02.08-14.00.50:454][  0]LogConfig: Setting CVar [[r.MaterialQualityLevel:1 ; High quality]]
[2021.02.08-14.00.50:454][  0]LogConfig: Setting CVar [[r.SSS.Scale:1]]
[2021.02.08-14.00.50:454][  0]LogConfig: Setting CVar [[r.SSS.SampleSet:2]]
[2021.02.08-14.00.50:454][  0]LogConfig: Setting CVar [[r.SSS.Quality:1]]
[2021.02.08-14.00.50:454][  0]LogConfig: Setting CVar [[r.SSS.HalfRes:1]]
[2021.02.08-14.00.50:454][  0]LogConfig: Setting CVar [[r.SSGI.Quality:3]]
[2021.02.08-14.00.50:454][  0]LogConfig: Setting CVar [[r.EmitterSpawnRateScale:1.0]]
[2021.02.08-14.00.50:454][  0]LogConfig: Setting CVar [[r.ParticleLightQuality:2]]
[2021.02.08-14.00.50:454][  0]LogConfig: Setting CVar [[r.SkyAtmosphere.AerialPerspectiveLUT.FastApplyOnOpaque:1 ; Always have FastSkyLUT 1 in this case to avoid wrong sky]]
[2021.02.08-14.00.50:454][  0]LogConfig: Setting CVar [[r.SkyAtmosphere.AerialPerspectiveLUT.SampleCountPerSlice:1]]
[2021.02.08-14.00.50:454][  0]LogConfig: Setting CVar [[r.SkyAtmosphere.AerialPerspectiveLUT.DepthResolution:16.0]]
[2021.02.08-14.00.50:454][  0]LogConfig: Setting CVar [[r.SkyAtmosphere.FastSkyLUT:1]]
[2021.02.08-14.00.50:454][  0]LogConfig: Setting CVar [[r.SkyAtmosphere.FastSkyLUT.SampleCountMin:4.0]]
[2021.02.08-14.00.50:454][  0]LogConfig: Setting CVar [[r.SkyAtmosphere.FastSkyLUT.SampleCountMax:32.0]]
[2021.02.08-14.00.50:454][  0]LogConfig: Setting CVar [[r.SkyAtmosphere.SampleCountMin:4.0]]
[2021.02.08-14.00.50:454][  0]LogConfig: Setting CVar [[r.SkyAtmosphere.SampleCountMax:32.0]]
[2021.02.08-14.00.50:454][  0]LogConfig: Setting CVar [[r.SkyAtmosphere.TransmittanceLUT.UseSmallFormat:0]]
[2021.02.08-14.00.50:454][  0]LogConfig: Setting CVar [[r.SkyAtmosphere.TransmittanceLUT.SampleCount:10.0]]
[2021.02.08-14.00.50:454][  0]LogConfig: Setting CVar [[r.SkyAtmosphere.MultiScatteringLUT.SampleCount:15.0]]
[2021.02.08-14.00.50:454][  0]LogConfig: Applying CVar settings from Section [FoliageQuality@3] File [D:/Downloads/Portfolio/System_02/CoverSystem/System_02/Saved/Config/Windows/Scalability.ini]
[2021.02.08-14.00.50:454][  0]LogConfig: Setting CVar [[foliage.DensityScale:1.0]]
[2021.02.08-14.00.50:454][  0]LogConfig: Setting CVar [[grass.DensityScale:1.0]]
[2021.02.08-14.00.50:454][  0]LogConfig: Applying CVar settings from Section [ShadingQuality@3] File [D:/Downloads/Portfolio/System_02/CoverSystem/System_02/Saved/Config/Windows/Scalability.ini]
[2021.02.08-14.00.50:454][  0]LogConfig: Setting CVar [[r.HairStrands.SkyLighting.SampleCount:16]]
[2021.02.08-14.00.50:454][  0]LogConfig: Setting CVar [[r.HairStrands.SkyLighting.JitterIntegration:0]]
[2021.02.08-14.00.50:454][  0]LogConfig: Setting CVar [[r.HairStrands.SkyAO.SampleCount:16]]
[2021.02.08-14.00.50:464][  0]LogInit: Selected Device Profile: [Windows]
[2021.02.08-14.00.50:464][  0]LogInit: Applying CVar settings loaded from the selected device profile: [Windows]
[2021.02.08-14.00.50:506][  0]LogHAL: Display: Platform has ~ 8 GB [8521318400 / 8589934592 / 8], which maps to Default [LargestMinGB=32, LargerMinGB=12, DefaultMinGB=8, SmallerMinGB=6, SmallestMinGB=0)
[2021.02.08-14.00.50:506][  0]LogInit: Going up to parent DeviceProfile []
[2021.02.08-14.00.50:506][  0]LogConfig: Applying CVar settings from Section [ViewDistanceQuality@Cine] File [D:/Downloads/Portfolio/System_02/CoverSystem/System_02/Saved/Config/Windows/Scalability.ini]
[2021.02.08-14.00.50:506][  0]LogConfig: Setting CVar [[r.SkeletalMeshLODBias:0]]
[2021.02.08-14.00.50:506][  0]LogConfig: Setting CVar [[r.ViewDistanceScale:10.0]]
[2021.02.08-14.00.50:506][  0]LogConfig: Applying CVar settings from Section [AntiAliasingQuality@Cine] File [D:/Downloads/Portfolio/System_02/CoverSystem/System_02/Saved/Config/Windows/Scalability.ini]
[2021.02.08-14.00.50:506][  0]LogConfig: Setting CVar [[r.PostProcessAAQuality:6]]
[2021.02.08-14.00.50:506][  0]LogConfig: Applying CVar settings from Section [ShadowQuality@3] File [D:/Downloads/Portfolio/System_02/CoverSystem/System_02/Saved/Config/Windows/Scalability.ini]
[2021.02.08-14.00.50:506][  0]LogConfig: Setting CVar [[r.LightFunctionQuality:1]]
[2021.02.08-14.00.50:506][  0]LogConfig: Setting CVar [[r.ShadowQuality:5]]
[2021.02.08-14.00.50:506][  0]LogConfig: Setting CVar [[r.Shadow.CSM.MaxCascades:10]]
[2021.02.08-14.00.50:506][  0]LogConfig: Setting CVar [[r.Shadow.MaxResolution:2048]]
[2021.02.08-14.00.50:506][  0]LogConfig: Setting CVar [[r.Shadow.MaxCSMResolution:2048]]
[2021.02.08-14.00.50:506][  0]LogConfig: Setting CVar [[r.Shadow.RadiusThreshold:0.01]]
[2021.02.08-14.00.50:506][  0]LogConfig: Setting CVar [[r.Shadow.DistanceScale:1.0]]
[2021.02.08-14.00.50:506][  0]LogConfig: Setting CVar [[r.Shadow.CSM.TransitionScale:1.0]]
[2021.02.08-14.00.50:506][  0]LogConfig: Setting CVar [[r.Shadow.PreShadowResolutionFactor:1.0]]
[2021.02.08-14.00.50:506][  0]LogConfig: Setting CVar [[r.DistanceFieldShadowing:1]]
[2021.02.08-14.00.50:506][  0]LogConfig: Setting CVar [[r.DistanceFieldAO:1]]
[2021.02.08-14.00.50:506][  0]LogConfig: Setting CVar [[r.AOQuality:2]]
[2021.02.08-14.00.50:506][  0]LogConfig: Setting CVar [[r.VolumetricFog:1]]
[2021.02.08-14.00.50:506][  0]LogConfig: Setting CVar [[r.VolumetricFog.GridPixelSize:8]]
[2021.02.08-14.00.50:506][  0]LogConfig: Setting CVar [[r.VolumetricFog.GridSizeZ:128]]
[2021.02.08-14.00.50:506][  0]LogConfig: Setting CVar [[r.VolumetricFog.HistoryMissSupersampleCount:4]]
[2021.02.08-14.00.50:506][  0]LogConfig: Setting CVar [[r.LightMaxDrawDistanceScale:1]]
[2021.02.08-14.00.50:506][  0]LogConfig: Setting CVar [[r.CapsuleShadows:1]]
[2021.02.08-14.00.50:506][  0]LogConfig: Applying CVar settings from Section [PostProcessQuality@Cine] File [D:/Downloads/Portfolio/System_02/CoverSystem/System_02/Saved/Config/Windows/Scalability.ini]
[2021.02.08-14.00.50:506][  0]LogConfig: Setting CVar [[r.MotionBlurQuality:4]]
[2021.02.08-14.00.50:506][  0]LogConfig: Setting CVar [[r.AmbientOcclusionMipLevelFactor:0.4]]
[2021.02.08-14.00.50:506][  0]LogConfig: Setting CVar [[r.AmbientOcclusionMaxQuality:100]]
[2021.02.08-14.00.50:506][  0]LogConfig: Setting CVar [[r.AmbientOcclusionLevels:-1]]
[2021.02.08-14.00.50:506][  0]LogConfig: Setting CVar [[r.AmbientOcclusionRadiusScale:1.0]]
[2021.02.08-14.00.50:506][  0]LogConfig: Setting CVar [[r.DepthOfFieldQuality:4]]
[2021.02.08-14.00.50:506][  0]LogConfig: Setting CVar [[r.RenderTargetPoolMin:1000]]
[2021.02.08-14.00.50:506][  0]LogConfig: Setting CVar [[r.LensFlareQuality:3]]
[2021.02.08-14.00.50:506][  0]LogConfig: Setting CVar [[r.SceneColorFringeQuality:1]]
[2021.02.08-14.00.50:506][  0]LogConfig: Setting CVar [[r.EyeAdaptationQuality:2]]
[2021.02.08-14.00.50:506][  0]LogConfig: Setting CVar [[r.BloomQuality:5]]
[2021.02.08-14.00.50:506][  0]LogConfig: Setting CVar [[r.FastBlurThreshold:100]]
[2021.02.08-14.00.50:506][  0]LogConfig: Setting CVar [[r.Upscale.Quality:3]]
[2021.02.08-14.00.50:506][  0]LogConfig: Setting CVar [[r.Tonemapper.GrainQuantization:1]]
[2021.02.08-14.00.50:506][  0]LogConfig: Setting CVar [[r.LightShaftQuality:1]]
[2021.02.08-14.00.50:506][  0]LogConfig: Setting CVar [[r.Filter.SizeScale:1]]
[2021.02.08-14.00.50:506][  0]LogConfig: Setting CVar [[r.Tonemapper.Quality:5]]
[2021.02.08-14.00.50:506][  0]LogConfig: Setting CVar [[r.DOF.Gather.AccumulatorQuality:1        ; higher gathering accumulator quality]]
[2021.02.08-14.00.50:506][  0]LogConfig: Setting CVar [[r.DOF.Gather.PostfilterMethod:1          ; Median3x3 postfilering method]]
[2021.02.08-14.00.50:507][  0]LogConfig: Setting CVar [[r.DOF.Gather.EnableBokehSettings:1       ; bokeh simulation when gathering]]
[2021.02.08-14.00.50:507][  0]LogConfig: Setting CVar [[r.DOF.Gather.RingCount:5                 ; high number of samples when gathering]]
[2021.02.08-14.00.50:507][  0]LogConfig: Setting CVar [[r.DOF.Scatter.ForegroundCompositing:1    ; additive foreground scattering]]
[2021.02.08-14.00.50:507][  0]LogConfig: Setting CVar [[r.DOF.Scatter.BackgroundCompositing:2    ; background scattering occlusion]]
[2021.02.08-14.00.50:507][  0]LogConfig: Setting CVar [[r.DOF.Scatter.EnableBokehSettings:1      ; no bokeh simulation when scattering]]
[2021.02.08-14.00.50:507][  0]LogConfig: Setting CVar [[r.DOF.Scatter.MaxSpriteRatio:0.25        ; only a maximum of 10% of scattered bokeh]]
[2021.02.08-14.00.50:507][  0]LogConfig: Setting CVar [[r.DOF.Recombine.Quality:2                ; highest slight out of focus]]
[2021.02.08-14.00.50:507][  0]LogConfig: Setting CVar [[r.DOF.Recombine.EnableBokehSettings:1    ; bokeh simulation on slight out of focus]]
[2021.02.08-14.00.50:507][  0]LogConfig: Setting CVar [[r.DOF.TemporalAAQuality:1                ; more stable temporal accumulation]]
[2021.02.08-14.00.50:507][  0]LogConfig: Setting CVar [[r.DOF.Kernel.MaxForegroundRadius:0.025]]
[2021.02.08-14.00.50:507][  0]LogConfig: Setting CVar [[r.DOF.Kernel.MaxBackgroundRadius:0.025]]
[2021.02.08-14.00.50:507][  0]LogConfig: Applying CVar settings from Section [TextureQuality@3] File [D:/Downloads/Portfolio/System_02/CoverSystem/System_02/Saved/Config/Windows/Scalability.ini]
[2021.02.08-14.00.50:507][  0]LogConfig: Setting CVar [[r.Streaming.MipBias:0]]
[2021.02.08-14.00.50:507][  0]LogConfig: Setting CVar [[r.Streaming.AmortizeCPUToGPUCopy:0]]
[2021.02.08-14.00.50:507][  0]LogConfig: Setting CVar [[r.Streaming.MaxNumTexturesToStreamPerFrame:0]]
[2021.02.08-14.00.50:507][  0]LogConfig: Setting CVar [[r.Streaming.Boost:1]]
[2021.02.08-14.00.50:507][  0]LogConfig: Setting CVar [[r.MaxAnisotropy:8]]
[2021.02.08-14.00.50:507][  0]LogConfig: Setting CVar [[r.VT.MaxAnisotropy:8]]
[2021.02.08-14.00.50:507][  0]LogConfig: Setting CVar [[r.Streaming.LimitPoolSizeToVRAM:0]]
[2021.02.08-14.00.50:507][  0]LogConfig: Setting CVar [[r.Streaming.PoolSize:1000]]
[2021.02.08-14.00.50:507][  0]LogConfig: Setting CVar [[r.Streaming.MaxEffectiveScreenSize:0]]
[2021.02.08-14.00.50:507][  0]LogConfig: Applying CVar settings from Section [EffectsQuality@3] File [D:/Downloads/Portfolio/System_02/CoverSystem/System_02/Saved/Config/Windows/Scalability.ini]
[2021.02.08-14.00.50:507][  0]LogConfig: Setting CVar [[r.TranslucencyLightingVolumeDim:64]]
[2021.02.08-14.00.50:507][  0]LogConfig: Setting CVar [[r.RefractionQuality:2]]
[2021.02.08-14.00.50:507][  0]LogConfig: Setting CVar [[r.SSR.Quality:3]]
[2021.02.08-14.00.50:507][  0]LogConfig: Setting CVar [[r.SSR.HalfResSceneColor:0]]
[2021.02.08-14.00.50:507][  0]LogConfig: Setting CVar [[r.SceneColorFormat:4]]
[2021.02.08-14.00.50:507][  0]LogConfig: Setting CVar [[r.DetailMode:2]]
[2021.02.08-14.00.50:507][  0]LogConfig: Setting CVar [[r.TranslucencyVolumeBlur:1]]
[2021.02.08-14.00.50:507][  0]LogConfig: Setting CVar [[r.MaterialQualityLevel:1 ; High quality]]
[2021.02.08-14.00.50:507][  0]LogConfig: Setting CVar [[r.SSS.Scale:1]]
[2021.02.08-14.00.50:507][  0]LogConfig: Setting CVar [[r.SSS.SampleSet:2]]
[2021.02.08-14.00.50:507][  0]LogConfig: Setting CVar [[r.SSS.Quality:1]]
[2021.02.08-14.00.50:507][  0]LogConfig: Setting CVar [[r.SSS.HalfRes:1]]
[2021.02.08-14.00.50:507][  0]LogConfig: Setting CVar [[r.SSGI.Quality:3]]
[2021.02.08-14.00.50:507][  0]LogConfig: Setting CVar [[r.EmitterSpawnRateScale:1.0]]
[2021.02.08-14.00.50:507][  0]LogConfig: Setting CVar [[r.ParticleLightQuality:2]]
[2021.02.08-14.00.50:507][  0]LogConfig: Setting CVar [[r.SkyAtmosphere.AerialPerspectiveLUT.FastApplyOnOpaque:1 ; Always have FastSkyLUT 1 in this case to avoid wrong sky]]
[2021.02.08-14.00.50:507][  0]LogConfig: Setting CVar [[r.SkyAtmosphere.AerialPerspectiveLUT.SampleCountPerSlice:1]]
[2021.02.08-14.00.50:507][  0]LogConfig: Setting CVar [[r.SkyAtmosphere.AerialPerspectiveLUT.DepthResolution:16.0]]
[2021.02.08-14.00.50:507][  0]LogConfig: Setting CVar [[r.SkyAtmosphere.FastSkyLUT:1]]
[2021.02.08-14.00.50:507][  0]LogConfig: Setting CVar [[r.SkyAtmosphere.FastSkyLUT.SampleCountMin:4.0]]
[2021.02.08-14.00.50:507][  0]LogConfig: Setting CVar [[r.SkyAtmosphere.FastSkyLUT.SampleCountMax:32.0]]
[2021.02.08-14.00.50:507][  0]LogConfig: Setting CVar [[r.SkyAtmosphere.SampleCountMin:4.0]]
[2021.02.08-14.00.50:507][  0]LogConfig: Setting CVar [[r.SkyAtmosphere.SampleCountMax:32.0]]
[2021.02.08-14.00.50:507][  0]LogConfig: Setting CVar [[r.SkyAtmosphere.TransmittanceLUT.UseSmallFormat:0]]
[2021.02.08-14.00.50:507][  0]LogConfig: Setting CVar [[r.SkyAtmosphere.TransmittanceLUT.SampleCount:10.0]]
[2021.02.08-14.00.50:507][  0]LogConfig: Setting CVar [[r.SkyAtmosphere.MultiScatteringLUT.SampleCount:15.0]]
[2021.02.08-14.00.50:507][  0]LogConfig: Applying CVar settings from Section [FoliageQuality@3] File [D:/Downloads/Portfolio/System_02/CoverSystem/System_02/Saved/Config/Windows/Scalability.ini]
[2021.02.08-14.00.50:507][  0]LogConfig: Setting CVar [[foliage.DensityScale:1.0]]
[2021.02.08-14.00.50:507][  0]LogConfig: Setting CVar [[grass.DensityScale:1.0]]
[2021.02.08-14.00.50:507][  0]LogConfig: Applying CVar settings from Section [ShadingQuality@3] File [D:/Downloads/Portfolio/System_02/CoverSystem/System_02/Saved/Config/Windows/Scalability.ini]
[2021.02.08-14.00.50:507][  0]LogConfig: Setting CVar [[r.HairStrands.SkyLighting.SampleCount:16]]
[2021.02.08-14.00.50:507][  0]LogConfig: Setting CVar [[r.HairStrands.SkyLighting.JitterIntegration:0]]
[2021.02.08-14.00.50:507][  0]LogConfig: Setting CVar [[r.HairStrands.SkyAO.SampleCount:16]]
[2021.02.08-14.00.50:507][  0]LogConfig: Applying CVar settings from Section [Startup] File [../../../Engine/Config/ConsoleVariables.ini]
[2021.02.08-14.00.50:525][  0]LogConfig: Setting CVar [[net.UseAdaptiveNetUpdateFrequency:0]]
[2021.02.08-14.00.50:525][  0]LogConfig: Setting CVar [[p.chaos.AllowCreatePhysxBodies:1]]
[2021.02.08-14.00.50:525][  0]LogConfig: Applying CVar settings from Section [ConsoleVariables] File [D:/Downloads/Portfolio/System_02/CoverSystem/System_02/Saved/Config/Windows/Engine.ini]
[2021.02.08-14.00.50:526][  0]LogInit: Computer: DESKTOP-12JMVT2
[2021.02.08-14.00.50:526][  0]LogInit: User: kayky
[2021.02.08-14.00.50:526][  0]LogInit: CPU Page size=4096, Cores=6
[2021.02.08-14.00.50:526][  0]LogInit: High frequency timer resolution =10.000000 MHz
[2021.02.08-14.00.50:526][  0]LogMemory: Memory total: Physical=7.9GB (8GB approx)
[2021.02.08-14.00.50:526][  0]LogMemory: Platform Memory Stats for Windows
[2021.02.08-14.00.50:526][  0]LogMemory: Process Physical Memory: 109.21 MB used, 109.21 MB peak
[2021.02.08-14.00.50:526][  0]LogMemory: Process Virtual Memory: 100.27 MB used, 100.27 MB peak
[2021.02.08-14.00.50:526][  0]LogMemory: Physical Memory: 5853.45 MB used,  2273.11 MB free, 8126.56 MB total
[2021.02.08-14.00.50:526][  0]LogMemory: Virtual Memory: 5132.18 MB used,  134212592.00 MB free, 134217728.00 MB total
[2021.02.08-14.00.50:619][  0]LogWindows: WindowsPlatformFeatures enabled
[2021.02.08-14.00.51:635][  0]LogInit: Overriding language with editor language configuration option (pt-BR).
[2021.02.08-14.00.51:635][  0]LogInit: Overriding locale with editor locale configuration option (pt-BR).
[2021.02.08-14.00.51:830][  0]LogTextLocalizationResource: LocRes '../../../Engine/Content/Localization/Editor/pt/Editor.locres' could not be opened for reading!
[2021.02.08-14.00.51:830][  0]LogTextLocalizationResource: LocRes '../../../Engine/Content/Localization/EditorTutorials/pt/EditorTutorials.locres' could not be opened for reading!
[2021.02.08-14.00.51:831][  0]LogTextLocalizationResource: LocRes '../../../Engine/Content/Localization/Keywords/pt/Keywords.locres' could not be opened for reading!
[2021.02.08-14.00.51:831][  0]LogTextLocalizationResource: LocRes '../../../Engine/Content/Localization/Category/pt/Category.locres' could not be opened for reading!
[2021.02.08-14.00.51:831][  0]LogTextLocalizationResource: LocRes '../../../Engine/Content/Localization/ToolTips/pt/ToolTips.locres' could not be opened for reading!
[2021.02.08-14.00.51:831][  0]LogTextLocalizationResource: LocRes '../../../Engine/Content/Localization/Engine/pt/Engine.locres' could not be opened for reading!
[2021.02.08-14.00.51:831][  0]LogTextLocalizationResource: LocRes '../../../Engine/Plugins/Online/Android/OnlineSubsystemGooglePlay/Content/Localization/OnlineSubsystemGooglePlay/pt/OnlineSubsystemGooglePlay.locres' could not be opened for reading!
[2021.02.08-14.00.51:831][  0]LogTextLocalizationResource: LocRes '../../../Engine/Plugins/Online/IOS/OnlineSubsystemIOS/Content/Localization/OnlineSubsystemIOS/pt/OnlineSubsystemIOS.locres' could not be opened for reading!
[2021.02.08-14.00.51:832][  0]LogTextLocalizationResource: LocRes '../../../Engine/Plugins/Online/OnlineSubsystem/Content/Localization/OnlineSubsystem/pt/OnlineSubsystem.locres' could not be opened for reading!
[2021.02.08-14.00.51:832][  0]LogTextLocalizationResource: LocRes '../../../Engine/Plugins/Online/OnlineSubsystemUtils/Content/Localization/OnlineSubsystemUtils/pt/OnlineSubsystemUtils.locres' could not be opened for reading!
[2021.02.08-14.00.51:884][  0]LogInit: Setting process to per monitor DPI aware
[2021.02.08-14.00.52:466][  0]LogSlate: New Slate User Created.  User Index 0, Is Virtual User: 0
[2021.02.08-14.00.52:466][  0]LogSlate: Slate User Registered.  User Index 0, Is Virtual User: 0
[2021.02.08-14.00.56:745][  0]LogHMD: Failed to initialize OpenVR with code 110
[2021.02.08-14.00.56:745][  0]LogD3D11RHI: D3D11 min allowed feature level: 11_0
[2021.02.08-14.00.56:745][  0]LogD3D11RHI: D3D11 max allowed feature level: 11_0
[2021.02.08-14.00.56:745][  0]LogD3D11RHI: D3D11 adapters:
[2021.02.08-14.00.56:892][  0]LogD3D11RHI:    0. 'NVIDIA GeForce GTX 1060 6GB' (Feature Level 11_0)
[2021.02.08-14.00.56:892][  0]LogD3D11RHI:       6052/0/4063 MB DedicatedVideo/DedicatedSystem/SharedSystem, Outputs:1, VendorId:0x10de
[2021.02.08-14.00.56:902][  0]LogD3D11RHI:    1. 'Microsoft Basic Render Driver' (Feature Level 11_0)
[2021.02.08-14.00.56:902][  0]LogD3D11RHI:       0/0/4063 MB DedicatedVideo/DedicatedSystem/SharedSystem, Outputs:0, VendorId:0x1414
[2021.02.08-14.00.56:902][  0]LogD3D11RHI: Chosen D3D11 Adapter: 0
[2021.02.08-14.00.56:938][  0]LogD3D11RHI: Creating new Direct3DDevice
[2021.02.08-14.00.56:938][  0]LogD3D11RHI:     GPU DeviceId: 0x1c03 (for the marketing name, search the web for "GPU Device Id")
[2021.02.08-14.00.56:938][  0]LogWindows: EnumDisplayDevices:
[2021.02.08-14.00.56:938][  0]LogWindows:    0. 'NVIDIA GeForce GTX 1060 6GB' (P:1 D:1)
[2021.02.08-14.00.56:952][  0]LogWindows:    1. 'NVIDIA GeForce GTX 1060 6GB' (P:0 D:0)
[2021.02.08-14.00.56:952][  0]LogWindows:    2. 'NVIDIA GeForce GTX 1060 6GB' (P:0 D:0)
[2021.02.08-14.00.56:952][  0]LogWindows:    3. 'NVIDIA GeForce GTX 1060 6GB' (P:0 D:0)
[2021.02.08-14.00.56:952][  0]LogWindows: DebugString: FoundDriverCount:4 
[2021.02.08-14.00.56:952][  0]LogD3D11RHI:     Adapter Name: NVIDIA GeForce GTX 1060 6GB
[2021.02.08-14.00.56:953][  0]LogD3D11RHI:   Driver Version: 461.40 (internal:27.21.14.6140, unified:461.40)
[2021.02.08-14.00.56:953][  0]LogD3D11RHI:      Driver Date: 1-22-2021
[2021.02.08-14.00.56:953][  0]LogRHI: Texture pool is 4236 MB (70% of 6052 MB)
[2021.02.08-14.00.57:037][  0]LogD3D11RHI: RHI has support for 64 bit atomics
[2021.02.08-14.00.57:039][  0]LogD3D11RHI: Async texture creation enabled
[2021.02.08-14.00.57:406][  0]LogD3D11RHI: GPU Timing Frequency: 1000.000000 (Debug: 2 1)
[2021.02.08-14.00.58:922][  0]LogTargetPlatformManager: Display: Loaded TargetPlatform 'AllDesktop'
[2021.02.08-14.00.59:031][  0]LogTargetPlatformManager: Display: Loaded TargetPlatform 'Android'
[2021.02.08-14.00.59:031][  0]LogTargetPlatformManager: Display: Loaded TargetPlatform 'Android_ASTC'
[2021.02.08-14.00.59:031][  0]LogTargetPlatformManager: Display: Loaded TargetPlatform 'Android_ATC'
[2021.02.08-14.00.59:031][  0]LogTargetPlatformManager: Display: Loaded TargetPlatform 'Android_DXT'
[2021.02.08-14.00.59:031][  0]LogTargetPlatformManager: Display: Loaded TargetPlatform 'Android_ETC1'
[2021.02.08-14.00.59:031][  0]LogTargetPlatformManager: Display: Loaded TargetPlatform 'Android_ETC1a'
[2021.02.08-14.00.59:031][  0]LogTargetPlatformManager: Display: Loaded TargetPlatform 'Android_ETC2'
[2021.02.08-14.00.59:031][  0]LogTargetPlatformManager: Display: Loaded TargetPlatform 'Android_PVRTC'
[2021.02.08-14.00.59:031][  0]LogTargetPlatformManager: Display: Loaded TargetPlatform 'AndroidClient'
[2021.02.08-14.00.59:031][  0]LogTargetPlatformManager: Display: Loaded TargetPlatform 'Android_ASTCClient'
[2021.02.08-14.00.59:031][  0]LogTargetPlatformManager: Display: Loaded TargetPlatform 'Android_ATCClient'
[2021.02.08-14.00.59:031][  0]LogTargetPlatformManager: Display: Loaded TargetPlatform 'Android_DXTClient'
[2021.02.08-14.00.59:031][  0]LogTargetPlatformManager: Display: Loaded TargetPlatform 'Android_ETC1Client'
[2021.02.08-14.00.59:031][  0]LogTargetPlatformManager: Display: Loaded TargetPlatform 'Android_ETC1aClient'
[2021.02.08-14.00.59:031][  0]LogTargetPlatformManager: Display: Loaded TargetPlatform 'Android_ETC2Client'
[2021.02.08-14.00.59:031][  0]LogTargetPlatformManager: Display: Loaded TargetPlatform 'Android_PVRTCClient'
[2021.02.08-14.00.59:031][  0]LogTargetPlatformManager: Display: Loaded TargetPlatform 'Android_Multi'
[2021.02.08-14.00.59:031][  0]LogTargetPlatformManager: Display: Loaded TargetPlatform 'Android_MultiClient'
[2021.02.08-14.00.59:176][  0]LogTargetPlatformManager: Display: Loaded TargetPlatform 'IOSClient'
[2021.02.08-14.00.59:176][  0]LogTargetPlatformManager: Display: Loaded TargetPlatform 'IOS'
[2021.02.08-14.00.59:208][  0]LogTargetPlatformManager: Display: Loaded TargetPlatform 'LinuxNoEditor'
[2021.02.08-14.00.59:243][  0]LogTargetPlatformManager: Display: Loaded TargetPlatform 'LinuxClient'
[2021.02.08-14.00.59:304][  0]LogTargetPlatformManager: Display: Loaded TargetPlatform 'LinuxServer'
[2021.02.08-14.00.59:341][  0]LogTargetPlatformManager: Display: Loaded TargetPlatform 'LinuxAArch64NoEditor'
[2021.02.08-14.00.59:363][  0]LogTargetPlatformManager: Display: Loaded TargetPlatform 'LinuxAArch64Client'
[2021.02.08-14.00.59:385][  0]LogTargetPlatformManager: Display: Loaded TargetPlatform 'LinuxAArch64Server'
[2021.02.08-14.00.59:435][  0]LogTargetPlatformManager: Display: Loaded TargetPlatform 'Lumin'
[2021.02.08-14.00.59:435][  0]LogTargetPlatformManager: Display: Loaded TargetPlatform 'LuminClient'
[2021.02.08-14.00.59:502][  0]LogTargetPlatformManager: Display: Loaded TargetPlatform 'TVOSClient'
[2021.02.08-14.00.59:502][  0]LogTargetPlatformManager: Display: Loaded TargetPlatform 'TVOS'
[2021.02.08-14.00.59:550][  0]LogTargetPlatformManager: Display: Loaded TargetPlatform 'WindowsNoEditor'
[2021.02.08-14.00.59:621][  0]LogTargetPlatformManager: Display: Loaded TargetPlatform 'Windows'
[2021.02.08-14.00.59:645][  0]LogTargetPlatformManager: Display: Loaded TargetPlatform 'WindowsClient'
[2021.02.08-14.00.59:668][  0]LogTargetPlatformManager: Display: Loaded TargetPlatform 'WindowsServer'
[2021.02.08-14.00.59:668][  0]LogTargetPlatformManager: Display: Building Assets For Windows
[2021.02.08-14.00.59:852][  0]LogAudioDebug: Display: Lib vorbis DLL was dynamically loaded.
[2021.02.08-14.01.00:649][  0]LogShaderCompilers: Guid format shader working directory is -23 characters bigger than the processId version (../../../../../../Downloads/Portfolio/System_02/CoverSystem/System_02/Intermediate/Shaders/WorkingDirectory/9448/).
[2021.02.08-14.01.00:649][  0]LogShaderCompilers: Cleaned the shader compiler working directory 'C:/Users/kayky/AppData/Local/Temp/UnrealShaderWorkingDir/A10F2E2F4237F1DA6ADD20BB3456E432/'.
[2021.02.08-14.01.00:678][  0]LogXGEController: Cleaning working directory: C:/Users/kayky/AppData/Local/Temp/UnrealXGEWorkingDir/
[2021.02.08-14.01.00:678][  0]LogXGEController: Cannot use XGE Controller as Incredibuild is not installed on this machine.
[2021.02.08-14.01.00:679][  0]LogShaderCompilers: Cannot use XGE Shader Compiler as Incredibuild is not installed on this machine.
[2021.02.08-14.01.00:679][  0]LogShaderCompilers: Display: Using Local Shader Compiler.
[2021.02.08-14.01.04:825][  0]LogDerivedDataCache: Display: Max Cache Size: 512 MB
[2021.02.08-14.01.05:198][  0]LogDerivedDataCache: Loaded boot cache 0.35s 87MB C:/Users/kayky/AppData/Local/UnrealEngine/4.24/DerivedDataCache/Boot.ddc.
[2021.02.08-14.01.05:198][  0]LogDerivedDataCache: Display: Loaded Boot cache: C:/Users/kayky/AppData/Local/UnrealEngine/4.24/DerivedDataCache/Boot.ddc
[2021.02.08-14.01.05:198][  0]LogDerivedDataCache: FDerivedDataBackendGraph:  Pak pak cache file ../../../../../../Downloads/Portfolio/System_02/CoverSystem/System_02/DerivedDataCache/DDC.ddp not found, will not use a pak cache.
[2021.02.08-14.01.05:198][  0]LogDerivedDataCache: Unable to find inner node Pak for hierarchical cache Hierarchy.
[2021.02.08-14.01.05:198][  0]LogDerivedDataCache: FDerivedDataBackendGraph:  CompressedPak pak cache file ../../../../../../Downloads/Portfolio/System_02/CoverSystem/System_02/DerivedDataCache/Compressed.ddp not found, will not use a pak cache.
[2021.02.08-14.01.05:198][  0]LogDerivedDataCache: Unable to find inner node CompressedPak for hierarchical cache Hierarchy.
[2021.02.08-14.01.05:307][  0]LogDerivedDataCache: Display: Pak cache opened for reading ../../../Engine/DerivedDataCache/Compressed.ddp.
[2021.02.08-14.01.05:308][  0]LogDerivedDataCache: FDerivedDataBackendGraph:  EnterprisePak pak cache file ../../../Enterprise/DerivedDataCache/Compressed.ddp not found, will not use a pak cache.
[2021.02.08-14.01.05:308][  0]LogDerivedDataCache: Unable to find inner node EnterprisePak for hierarchical cache Hierarchy.
[2021.02.08-14.01.05:310][  0]LogDerivedDataCache: Using Local data cache path C:/Users/kayky/AppData/Local/UnrealEngine/Common/DerivedDataCache: Writable
[2021.02.08-14.01.05:310][  0]LogDerivedDataCache: Shared data cache path not found in *engine.ini, will not use an Shared cache.
[2021.02.08-14.01.05:310][  0]LogDerivedDataCache: Unable to find inner node Shared for hierarchical cache Hierarchy.
[2021.02.08-14.01.05:393][  0]LogMaterial: Verifying Global Shaders for PCD3D_SM5
[2021.02.08-14.01.05:472][  0]LogSlate: Using FreeType 2.10.0
[2021.02.08-14.01.05:567][  0]LogSlate: SlateFontServices - WITH_FREETYPE: 1, WITH_HARFBUZZ: 1
[2021.02.08-14.01.07:107][  0]LogAssetRegistry: FAssetRegistry took 0.0057 seconds to start up
[2021.02.08-14.01.13:365][  0]LogInit: Selected Device Profile: [Windows]
[2021.02.08-14.01.15:258][  0]LogMeshReduction: Using QuadricMeshReduction for automatic static mesh reduction
[2021.02.08-14.01.15:258][  0]LogMeshReduction: Using SimplygonMeshReduction for automatic skeletal mesh reduction
[2021.02.08-14.01.15:258][  0]LogMeshReduction: Using ProxyLODMeshReduction for automatic mesh merging
[2021.02.08-14.01.15:258][  0]LogMeshReduction: No distributed automatic mesh merging module available
[2021.02.08-14.01.15:258][  0]LogMeshMerging: No distributed automatic mesh merging module available
[2021.02.08-14.01.15:698][  0]LogNetVersion: System_02 1.0.0, NetCL: 10570792, EngineNetVer: 13, GameNetVer: 0 (Checksum: 1060142393)
[2021.02.08-14.01.37:679][  0]LogPackageLocalizationCache: Processed 10 localized package path(s) for 2 prioritized culture(s) in 0.174175 seconds
[2021.02.08-14.01.37:698][  0]LogUObjectArray: 46750 objects as part of root set at end of initial load.
[2021.02.08-14.01.37:699][  0]LogUObjectAllocator: 8137160 out of 0 bytes used by permanent object pool.
[2021.02.08-14.01.37:699][  0]LogUObjectArray: CloseDisregardForGC: 0/0 objects in disregard for GC pool
[2021.02.08-14.01.42:932][  0]LogTcpMessaging: Initializing TcpMessaging bridge
[2021.02.08-14.01.43:016][  0]LogUdpMessaging: Initializing bridge on interface 0.0.0.0:0 to multicast group 230.0.0.1:6666.
[2021.02.08-14.01.43:866][  0]SourceControl: Controle de origem desativado
[2021.02.08-14.01.43:870][  0]SourceControl: Controle de origem desativado
[2021.02.08-14.01.43:934][  0]SourceControl: Controle de origem desativado
[2021.02.08-14.01.43:967][  0]SourceControl: Controle de origem desativado
[2021.02.08-14.01.44:002][  0]SourceControl: Controle de origem desativado
[2021.02.08-14.01.45:582][  0]LogAndroidPermission: UAndroidPermissionCallbackProxy::GetInstance
[2021.02.08-14.01.45:733][  0]LogAudioCaptureCore: Display: No Audio Capture implementations found. Audio input will be silent.
[2021.02.08-14.01.45:733][  0]LogAudioCaptureCore: Display: No Audio Capture implementations found. Audio input will be silent.
[2021.02.08-14.01.46:369][  0]LogOcInput: OculusInput pre-init called
[2021.02.08-14.01.46:469][  0]LogWindows: Failed to load 'OVRPlugin.dll' (GetLastError=126)
[2021.02.08-14.01.46:469][  0]LogWindows: File 'OVRPlugin.dll' does not exist
[2021.02.08-14.01.48:139][  0]LogEngine: Initializing Engine...
[2021.02.08-14.01.48:182][  0]LogHMD: Failed to initialize OpenVR with code 110
[2021.02.08-14.01.48:283][  0]LogStats: UGameplayTagsManager::InitializeManager -  0.025 s
[2021.02.08-14.01.49:474][  0]LogInit: Initializing FReadOnlyCVARCache
[2021.02.08-14.01.50:142][  0]LogAIModule: Creating AISystem for world Untitled
[2021.02.08-14.01.50:340][  0]LogAudioMixer: Display: Audio Mixer Platform Settings:
[2021.02.08-14.01.50:340][  0]LogAudioMixer: Display: 	Sample Rate:						  48000
[2021.02.08-14.01.50:340][  0]LogAudioMixer: Display: 	Callback Buffer Frame Size Requested: 1024
[2021.02.08-14.01.50:340][  0]LogAudioMixer: Display: 	Callback Buffer Frame Size To Use:	  1024
[2021.02.08-14.01.50:340][  0]LogAudioMixer: Display: 	Number of buffers to queue:			  2
[2021.02.08-14.01.50:340][  0]LogAudioMixer: Display: 	Max Channels (voices):				  32
[2021.02.08-14.01.50:340][  0]LogAudioMixer: Display: 	Number of Async Source Workers:		  0
[2021.02.08-14.01.50:340][  0]LogAudio: Display: AudioDevice MaxSources: 32
[2021.02.08-14.01.50:343][  0]LogAudio: Display: Using built-in audio occlusion.
[2021.02.08-14.01.50:343][  0]LogAudioMixer: Display: Initializing audio mixer.
[2021.02.08-14.01.50:398][  0]LogAudioMixer: Display: Audio Device Output Speaker Info:
[2021.02.08-14.01.50:398][  0]LogAudioMixer: Display: Name: Alto-falantes (Realtek(R) Audio)
[2021.02.08-14.01.50:398][  0]LogAudioMixer: Display: Is Default: Yes
[2021.02.08-14.01.50:398][  0]LogAudioMixer: Display: Sample Rate: 48000
[2021.02.08-14.01.50:398][  0]LogAudioMixer: Display: Channel Count Used: 2
[2021.02.08-14.01.50:398][  0]LogAudioMixer: Display: Device Channel Count: 2
[2021.02.08-14.01.50:398][  0]LogAudioMixer: Display: Channel Order:
[2021.02.08-14.01.50:398][  0]LogAudioMixer: Display: 0: FrontLeft
[2021.02.08-14.01.50:398][  0]LogAudioMixer: Display: 1: FrontRight
[2021.02.08-14.01.50:426][  0]LogAudioMixer: Display: Using Audio Device Alto-falantes (Realtek(R) Audio)
[2021.02.08-14.01.50:448][  0]LogInit: FAudioDevice initialized.
[2021.02.08-14.01.50:459][  0]LogNetVersion: Set ProjectVersion to 1.0.0.0. Version Checksum will be recalculated on next use.
[2021.02.08-14.01.50:549][  0]LogDerivedDataCache: Saved boot cache 0.09s 87MB C:/Users/kayky/AppData/Local/UnrealEngine/4.24/DerivedDataCache/Boot.ddc.
[2021.02.08-14.01.50:575][  0]LogInit: Texture streaming: Enabled
[2021.02.08-14.01.50:828][  0]LogEngineSessionManager: EngineSessionManager initialized
[2021.02.08-14.01.50:829][  0]LogEditorSessionSummary: Verbose: Initializing EditorSessionSummaryWriter for editor session tracking
[2021.02.08-14.01.50:842][  0]LogEditorSessionSummary: EditorSessionSummaryWriter initialized
[2021.02.08-14.01.51:290][  0]LogInit: Transaction tracking system initialized
[2021.02.08-14.01.51:791][  0]BlueprintLog: New page: Carregar Editor
[2021.02.08-14.01.52:987][  0]LocalizationService: Localization service is disabled
[2021.02.08-14.01.56:046][  0]LogFileCache: Scanning file cache for directory 'D:/Downloads/Portfolio/System_02/CoverSystem/System_02/Content/' took 0.02s
[2021.02.08-14.01.56:046][  0]LogCook: Display: Max memory allowance for cook 16384mb min free memory 0mb
[2021.02.08-14.01.56:046][  0]LogCook: Display: Mobile HDR setting 1
[2021.02.08-14.02.00:572][  0]SourceControl: Controle de origem desativado
[2021.02.08-14.02.00:621][  0]Cmd: MAP LOAD FILE="../../../../../../Downloads/Portfolio/System_02/CoverSystem/System_02/Content/ThirdPersonBP/Maps/ThirdPersonExampleMap.umap" TEMPLATE=0 SHOWPROGRESS=1 FEATURELEVEL=3
[2021.02.08-14.02.00:651][  0]LightingResults: New page: Compilação de Iluminação
[2021.02.08-14.02.00:792][  0]LogWorld: UWorld::CleanupWorld for Untitled, bSessionEnded=true, bCleanupResources=true
[2021.02.08-14.02.00:819][  0]LogSlate: InvalidateAllWidgets triggered.  All widgets were invalidated
[2021.02.08-14.02.00:877][  0]MapCheck: New page: Verificação de Mapa
[2021.02.08-14.02.00:877][  0]LightingResults: New page: Compilação de Iluminação
[2021.02.08-14.02.01:263][  0]LogUObjectHash: Compacting FUObjectHashTables data took   1.55ms
[2021.02.08-14.02.04:458][  0]LogTexture: Display: Building textures: HQ_Lightmap1_3 (AutoDXT, 64X64)
[2021.02.08-14.02.04:458][  0]LogTexture: Display: Building textures: HQ_Lightmap1_2 (AutoDXT, 512X512)
[2021.02.08-14.02.04:458][  0]LogTexture: Display: Building textures: HQ_Lightmap1_1 (AutoDXT, 1024X1024)
[2021.02.08-14.02.04:458][  0]LogTexture: Display: Building textures: LQ_Lightmap_1_1 (DXT1, 1024X1024)
[2021.02.08-14.02.04:458][  0]LogTexture: Display: Building textures: LQ_Lightmap_1_3 (DXT1, 64X64)
[2021.02.08-14.02.04:458][  0]LogTexture: Display: Building textures: LQ_Lightmap_1_2 (DXT1, 512X512)
[2021.02.08-14.02.04:458][  0]LogTexture: Display: Building textures: SkyOcclusion1_1 (AutoDXT, 1024X512)
[2021.02.08-14.02.04:458][  0]LogTexture: Display: Building textures: SkyOcclusion1_2 (AutoDXT, 512X256)
[2021.02.08-14.02.04:458][  0]LogTexture: Display: Building textures: SkyOcclusion1_3 (AutoDXT, 64X32)
[2021.02.08-14.02.04:458][  0]LogTexture: Display: Building textures: ShadowMapTexture2D_2 (G8, 1024X1024)
[2021.02.08-14.02.04:458][  0]LogTexture: Display: Building textures: ShadowMapTexture2D_3 (G8, 32X32)
[2021.02.08-14.02.04:458][  0]LogAnimationCompression: Building Anim DDC data for AnimSequence /Game/Cover_Animations/StandToCover4UE4.StandToCover4UE4
[2021.02.08-14.02.04:461][  0]LogAnimationCompression: Recompressing (AnimSequence /Game/Cover_Animations/StandToCover4UE4.StandToCover4UE4) using current/default (AnimCompress_BitwiseCompressOnly_0) bFirstRecompressUsingCurrentOrDefault(1) bTryAlternateCompressor(0) IsCompressedDataValid(0)
[2021.02.08-14.02.04:497][  0]LogAnimationCompression: Building Anim DDC data for AnimSequence /Game/Cover_Animations/CoverToStand4UE4.CoverToStand4UE4
[2021.02.08-14.02.04:497][  0]LogAnimationCompression: Recompressing (AnimSequence /Game/Cover_Animations/CoverToStand4UE4.CoverToStand4UE4) using current/default (AnimCompress_BitwiseCompressOnly_0) bFirstRecompressUsingCurrentOrDefault(1) bTryAlternateCompressor(0) IsCompressedDataValid(0)
[2021.02.08-14.02.04:499][  0]LogAnimationCompression: Building Anim DDC data for AnimSequence /Game/Cover_Animations/CoverToStandLeft4UE4.CoverToStandLeft4UE4
[2021.02.08-14.02.04:499][  0]LogAnimationCompression: Recompressing (AnimSequence /Game/Cover_Animations/CoverToStandLeft4UE4.CoverToStandLeft4UE4) using current/default (AnimCompress_BitwiseCompressOnly_0) bFirstRecompressUsingCurrentOrDefault(1) bTryAlternateCompressor(0) IsCompressedDataValid(0)
[2021.02.08-14.02.04:502][  0]LogAnimationCompression: Building Anim DDC data for AnimSequence /Game/Cover_Animations/CrouchedSneakingRight4UE4.CrouchedSneakingRight4UE4
[2021.02.08-14.02.04:502][  0]LogAnimationCompression: Recompressing (AnimSequence /Game/Cover_Animations/CrouchedSneakingRight4UE4.CrouchedSneakingRight4UE4) using current/default (AnimCompress_BitwiseCompressOnly_0) bFirstRecompressUsingCurrentOrDefault(1) bTryAlternateCompressor(0) IsCompressedDataValid(0)
[2021.02.08-14.02.04:504][  0]LogAnimationCompression: Building Anim DDC data for AnimSequence /Game/Cover_Animations/CrouchedSneakingLeft4UE4.CrouchedSneakingLeft4UE4
[2021.02.08-14.02.04:504][  0]LogAnimationCompression: Recompressing (AnimSequence /Game/Cover_Animations/CrouchedSneakingLeft4UE4.CrouchedSneakingLeft4UE4) using current/default (AnimCompress_BitwiseCompressOnly_0) bFirstRecompressUsingCurrentOrDefault(1) bTryAlternateCompressor(0) IsCompressedDataValid(0)
[2021.02.08-14.02.05:199][  0]LogAnimationCompression: Building Anim DDC data for AnimSequence /Game/Cover_Animations/IdleCrouchedLeft4UE4.IdleCrouchedLeft4UE4
[2021.02.08-14.02.05:199][  0]LogAnimationCompression: Recompressing (AnimSequence /Game/Cover_Animations/IdleCrouchedLeft4UE4.IdleCrouchedLeft4UE4) using current/default (AnimCompress_BitwiseCompressOnly_0) bFirstRecompressUsingCurrentOrDefault(1) bTryAlternateCompressor(0) IsCompressedDataValid(0)
[2021.02.08-14.02.05:201][  0]LogAnimationCompression: Building Anim DDC data for AnimSequence /Game/Cover_Animations/IdleCrouched4UE4.IdleCrouched4UE4
[2021.02.08-14.02.05:201][  0]LogAnimationCompression: Recompressing (AnimSequence /Game/Cover_Animations/IdleCrouched4UE4.IdleCrouched4UE4) using current/default (AnimCompress_BitwiseCompressOnly_0) bFirstRecompressUsingCurrentOrDefault(1) bTryAlternateCompressor(0) IsCompressedDataValid(0)
[2021.02.08-14.02.05:203][  0]LogAnimationCompression: Building Anim DDC data for AnimSequence /Game/Cover_Animations/CrouchCoverTurnRight4UE4.CrouchCoverTurnRight4UE4
[2021.02.08-14.02.05:203][  0]LogAnimationCompression: Recompressing (AnimSequence /Game/Cover_Animations/CrouchCoverTurnRight4UE4.CrouchCoverTurnRight4UE4) using current/default (AnimCompress_BitwiseCompressOnly_0) bFirstRecompressUsingCurrentOrDefault(1) bTryAlternateCompressor(0) IsCompressedDataValid(0)
[2021.02.08-14.02.05:205][  0]LogAnimationCompression: Building Anim DDC data for AnimSequence /Game/Cover_Animations/CrouchCoverTurnLeft4UE4.CrouchCoverTurnLeft4UE4
[2021.02.08-14.02.05:205][  0]LogAnimationCompression: Recompressing (AnimSequence /Game/Cover_Animations/CrouchCoverTurnLeft4UE4.CrouchCoverTurnLeft4UE4) using current/default (AnimCompress_BitwiseCompressOnly_0) bFirstRecompressUsingCurrentOrDefault(1) bTryAlternateCompressor(0) IsCompressedDataValid(0)
[2021.02.08-14.02.05:253][  0]LogAIModule: Creating AISystem for world ThirdPersonExampleMap
[2021.02.08-14.02.05:954][  0]LogEditorServer: Finished looking for orphan Actors (0.000 secs)
[2021.02.08-14.02.06:252][  0]LogUObjectHash: Compacting FUObjectHashTables data took   2.02ms
[2021.02.08-14.02.06:267][  0]Cmd: MAP CHECKDEP NOCLEARLOG
[2021.02.08-14.02.06:303][  0]MapCheck: Map check complete: 0 Error(s), 0 Warning(s), took 35,974ms to complete.
[2021.02.08-14.02.06:314][  0]LogFileHelpers: Loading map 'ThirdPersonExampleMap' took 5.719
[2021.02.08-14.02.08:608][  0]LogSlate: Updating window title bar state: overlay mode, drag disabled, window buttons hidden, title bar hidden
[2021.02.08-14.02.08:616][  0]LogSlate: Updating window title bar state: overlay mode, drag disabled, window buttons hidden, title bar hidden
[2021.02.08-14.02.08:621][  0]LogSlate: Updating window title bar state: overlay mode, drag disabled, window buttons hidden, title bar hidden
[2021.02.08-14.02.08:627][  0]LogSlate: Updating window title bar state: overlay mode, drag disabled, window buttons hidden, title bar hidden
[2021.02.08-14.02.09:731][  0]LogCollectionManager: Loaded 0 collections in 0.001112 seconds
[2021.02.08-14.02.09:824][  0]LogFileCache: Scanning file cache for directory 'D:/Downloads/Portfolio/System_02/CoverSystem/System_02/Saved/Collections/' took 0.00s
[2021.02.08-14.02.09:824][  0]LogFileCache: Scanning file cache for directory 'D:/Downloads/Portfolio/System_02/CoverSystem/System_02/Content/Developers/kayky/Collections/' took 0.00s
[2021.02.08-14.02.09:824][  0]LogFileCache: Scanning file cache for directory 'D:/Downloads/Portfolio/System_02/CoverSystem/System_02/Content/Collections/' took 0.00s
[2021.02.08-14.02.09:824][  0]LogContentBrowser: Native class hierarchy populated in 0.0086 seconds. Added 3017 classes and 720 folders.
[2021.02.08-14.02.09:979][  0]LogContentBrowser: Native class hierarchy updated for 'WidgetCarousel' in 0.0003 seconds. Added 0 classes and 0 folders.
[2021.02.08-14.02.11:598][  0]LogContentBrowser: Native class hierarchy updated for 'AddContentDialog' in 0.0003 seconds. Added 0 classes and 0 folders.
[2021.02.08-14.02.11:902][  0]LogSlate: Took 0.017714 seconds to synchronously load lazily loaded font '../../../Engine/Content/Slate/Fonts/Roboto-Regular.ttf' (155K)
[2021.02.08-14.02.11:934][  0]LogSlate: Took 0.005655 seconds to synchronously load lazily loaded font '../../../Engine/Content/Slate/Fonts/Roboto-Bold.ttf' (160K)
[2021.02.08-14.02.12:872][  0]LogRenderer: Reallocating scene render targets to support 848x668 Format 10 NumSamples 1 (Frame:1).
[2021.02.08-14.02.13:721][  0]LogContentBrowser: Native class hierarchy updated for 'HierarchicalLODOutliner' in 0.0003 seconds. Added 0 classes and 0 folders.
[2021.02.08-14.02.13:721][  0]LogLoad: (Engine Initialization) Total time: 100.99 seconds
[2021.02.08-14.02.13:721][  0]LogLoad: (Engine Initialization) Total Blueprint compile time: 0.00 seconds
[2021.02.08-14.02.14:321][  0]LogContentStreaming: Texture pool size now 1000 MB
[2021.02.08-14.02.14:620][  1]LogRenderer: Reallocating scene render targets to support 848x688 Format 10 NumSamples 1 (Frame:2).
[2021.02.08-14.02.16:863][ 27]LogAssetRegistry: Asset discovery search completed in 69.7580 seconds
[2021.02.08-14.02.16:913][ 27]LogCollectionManager: Fixed up redirectors for 0 collections in 0.004443 seconds (updated 0 objects)
[2021.02.08-14.04.40:337][175]LogSlate: Took 0.026374 seconds to synchronously load lazily loaded font '../../../Engine/Content/Editor/Slate/Fonts/FontAwesome.ttf' (139K)
[2021.02.08-14.05.12:266][214]LogBlueprintUserMessages: Early PlayInEditor Detection: Level '/Game/ThirdPersonBP/Maps/ThirdPersonExampleMap.ThirdPersonExampleMap:PersistentLevel' has LevelScriptBlueprint '/Game/ThirdPersonBP/Maps/ThirdPersonExampleMap.ThirdPersonExampleMap:PersistentLevel.ThirdPersonExampleMap' with GeneratedClass '/Game/ThirdPersonBP/Maps/ThirdPersonExampleMap.ThirdPersonExampleMap_C' with ClassGeneratedBy '/Game/ThirdPersonBP/Maps/ThirdPersonExampleMap.ThirdPersonExampleMap:PersistentLevel.ThirdPersonExampleMap'
[2021.02.08-14.05.12:320][214]LogPlayLevel: PlayLevel: No blueprints needed recompiling
[2021.02.08-14.05.12:364][214]PIE: New page: Sessão de PIE : ThirdPersonExampleMap (8 de fev de 2021 09:05:12)
[2021.02.08-14.05.12:405][214]LogOnline: OSS: Creating online subsystem instance for: NULL
[2021.02.08-14.05.12:406][214]LogOnline: OSS: TryLoadSubsystemAndSetDefault: Loaded subsystem for module [NULL]
[2021.02.08-14.05.12:432][214]LogPlayLevel: Creating play world package: /Game/ThirdPersonBP/Maps/UEDPIE_0_ThirdPersonExampleMap
[2021.02.08-14.05.12:507][214]LogPlayLevel: PIE: StaticDuplicateObject took: (0.073822s)
[2021.02.08-14.05.12:517][214]LogAIModule: Creating AISystem for world ThirdPersonExampleMap
[2021.02.08-14.05.12:521][214]LogPlayLevel: PIE: World Init took: (0.014040s)
[2021.02.08-14.05.12:521][214]LogPlayLevel: PIE: Created PIE world by copying editor world from /Game/ThirdPersonBP/Maps/ThirdPersonExampleMap.ThirdPersonExampleMap to /Game/ThirdPersonBP/Maps/UEDPIE_0_ThirdPersonExampleMap.ThirdPersonExampleMap (0.088479s)
[2021.02.08-14.05.12:545][214]LogUObjectHash: Compacting FUObjectHashTables data took   1.41ms
[2021.02.08-14.05.12:554][214]LogAudioMixer: Display: Audio Mixer Platform Settings:
[2021.02.08-14.05.12:554][214]LogAudioMixer: Display: 	Sample Rate:						  48000
[2021.02.08-14.05.12:554][214]LogAudioMixer: Display: 	Callback Buffer Frame Size Requested: 1024
[2021.02.08-14.05.12:554][214]LogAudioMixer: Display: 	Callback Buffer Frame Size To Use:	  1024
[2021.02.08-14.05.12:554][214]LogAudioMixer: Display: 	Number of buffers to queue:			  2
[2021.02.08-14.05.12:554][214]LogAudioMixer: Display: 	Max Channels (voices):				  32
[2021.02.08-14.05.12:554][214]LogAudioMixer: Display: 	Number of Async Source Workers:		  0
[2021.02.08-14.05.12:554][214]LogAudio: Display: AudioDevice MaxSources: 32
[2021.02.08-14.05.12:555][214]LogAudio: Display: Using built-in audio occlusion.
[2021.02.08-14.05.12:555][214]LogAudioMixer: Display: Initializing audio mixer.
[2021.02.08-14.05.12:570][214]LogAudioMixer: Display: Audio Device Output Speaker Info:
[2021.02.08-14.05.12:570][214]LogAudioMixer: Display: Name: Alto-falantes (Realtek(R) Audio)
[2021.02.08-14.05.12:571][214]LogAudioMixer: Display: Is Default: Yes
[2021.02.08-14.05.12:571][214]LogAudioMixer: Display: Sample Rate: 48000
[2021.02.08-14.05.12:571][214]LogAudioMixer: Display: Channel Count Used: 2
[2021.02.08-14.05.12:571][214]LogAudioMixer: Display: Device Channel Count: 2
[2021.02.08-14.05.12:571][214]LogAudioMixer: Display: Channel Order:
[2021.02.08-14.05.12:571][214]LogAudioMixer: Display: 0: FrontLeft
[2021.02.08-14.05.12:571][214]LogAudioMixer: Display: 1: FrontRight
[2021.02.08-14.05.12:608][214]LogAudioMixer: Display: Using Audio Device Alto-falantes (Realtek(R) Audio)
[2021.02.08-14.05.12:620][214]LogInit: FAudioDevice initialized.
[2021.02.08-14.05.12:724][214]LogSlate: Updating window title bar state: overlay mode, drag disabled, window buttons hidden, title bar hidden
[2021.02.08-14.05.12:747][214]LogLoad: Game class is 'ThirdPersonGameMode_C'
[2021.02.08-14.05.12:845][214]LogWorld: Bringing World /Game/ThirdPersonBP/Maps/UEDPIE_0_ThirdPersonExampleMap.ThirdPersonExampleMap up for play (max tick rate 0) at 2021.02.08-11.05.12
[2021.02.08-14.05.12:875][214]LogWorld: Bringing up level for play took: 0.032444
[2021.02.08-14.05.12:876][214]LogOnline: OSS: Creating online subsystem instance for: :Context_2
[2021.02.08-14.05.13:060][214]LogContentBrowser: Native class hierarchy updated for 'MovieSceneCapture' in 0.0004 seconds. Added 20 classes and 0 folders.
[2021.02.08-14.05.13:102][214]PIE: Momento de início de reprodução no editor para /Game/ThirdPersonBP/Maps/UEDPIE_0_ThirdPersonExampleMap 0,852
[2021.02.08-14.05.13:102][214]LogBlueprintUserMessages: Late PlayInEditor Detection: Level '/Game/ThirdPersonBP/Maps/ThirdPersonExampleMap.ThirdPersonExampleMap:PersistentLevel' has LevelScriptBlueprint '/Game/ThirdPersonBP/Maps/ThirdPersonExampleMap.ThirdPersonExampleMap:PersistentLevel.ThirdPersonExampleMap' with GeneratedClass '/Game/ThirdPersonBP/Maps/ThirdPersonExampleMap.ThirdPersonExampleMap_C' with ClassGeneratedBy '/Game/ThirdPersonBP/Maps/ThirdPersonExampleMap.ThirdPersonExampleMap:PersistentLevel.ThirdPersonExampleMap'
[2021.02.08-14.05.53:483][ 19]LogAudioMixer: Display: No commands were queued while flushing the source manager.
[2021.02.08-14.05.53:483][ 19]LogAudioMixer: Display: No commands were queued while flushing the source manager.
[2021.02.08-14.05.53:510][ 19]LogBlueprintUserMessages: Early EndPlayMap Detection: Level '/Game/ThirdPersonBP/Maps/ThirdPersonExampleMap.ThirdPersonExampleMap:PersistentLevel' has LevelScriptBlueprint '/Game/ThirdPersonBP/Maps/ThirdPersonExampleMap.ThirdPersonExampleMap:PersistentLevel.ThirdPersonExampleMap' with GeneratedClass '/Game/ThirdPersonBP/Maps/ThirdPersonExampleMap.ThirdPersonExampleMap_C' with ClassGeneratedBy '/Game/ThirdPersonBP/Maps/ThirdPersonExampleMap.ThirdPersonExampleMap:PersistentLevel.ThirdPersonExampleMap'
[2021.02.08-14.05.53:534][ 19]LogSlate: Updating window title bar state: overlay mode, drag disabled, window buttons hidden, title bar hidden
[2021.02.08-14.05.53:534][ 19]LogWorld: BeginTearingDown for /Game/ThirdPersonBP/Maps/UEDPIE_0_ThirdPersonExampleMap
[2021.02.08-14.05.53:557][ 19]LogSlate: Window 'System_02 Visualização do Jogo Standalone(64-bit/PCD3D_SM5)' being destroyed
[2021.02.08-14.05.53:615][ 19]LogAudioMixer: Display: No commands were queued while flushing the source manager.
[2021.02.08-14.05.53:647][ 19]LogWorld: UWorld::CleanupWorld for ThirdPersonExampleMap, bSessionEnded=true, bCleanupResources=true
[2021.02.08-14.05.53:667][ 19]LogSlate: InvalidateAllWidgets triggered.  All widgets were invalidated
[2021.02.08-14.05.53:686][ 19]LogPlayLevel: Display: Shutting down PIE online subsystems
[2021.02.08-14.05.53:686][ 19]LogBlueprintUserMessages: Late EndPlayMap Detection: Level '/Game/ThirdPersonBP/Maps/ThirdPersonExampleMap.ThirdPersonExampleMap:PersistentLevel' has LevelScriptBlueprint '/Game/ThirdPersonBP/Maps/ThirdPersonExampleMap.ThirdPersonExampleMap:PersistentLevel.ThirdPersonExampleMap' with GeneratedClass '/Game/ThirdPersonBP/Maps/ThirdPersonExampleMap.ThirdPersonExampleMap_C' with ClassGeneratedBy '/Game/ThirdPersonBP/Maps/ThirdPersonExampleMap.ThirdPersonExampleMap:PersistentLevel.ThirdPersonExampleMap'
[2021.02.08-14.05.53:701][ 19]LogSlate: InvalidateAllWidgets triggered.  All widgets were invalidated
[2021.02.08-14.05.53:761][ 19]LogAudioMixer: Display: No commands were queued while flushing the source manager.
[2021.02.08-14.05.53:874][ 19]LogUObjectHash: Compacting FUObjectHashTables data took   1.55ms
[2021.02.08-14.05.53:892][ 20]LogPlayLevel: Display: Destroying online subsystem :Context_2
[2021.02.08-14.06.27:758][969]LogSlate: Took 0.018429 seconds to synchronously load lazily loaded font '../../../Engine/Content/Slate/Fonts/Roboto-Light.ttf' (167K)
[2021.02.08-14.06.27:777][969]LogAssetEditorSubsystem: Opening Asset editor for Blueprint /Game/Cover_Interface.Cover_Interface
[2021.02.08-14.06.28:176][969]LogContentBrowser: Native class hierarchy updated for 'BlueprintGraph' in 0.0006 seconds. Added 121 classes and 0 folders.
[2021.02.08-14.08.52:109][348]LogMaterial: Display: Missing cached shader map for material Material_0, compiling. 
[2021.02.08-14.08.52:225][349]LogShaderCompilers: Display: Worker (1/3): shaders left to compile 34
[2021.02.08-14.08.52:225][349]LogShaderCompilers: Display: Worker (2/3): shaders left to compile 24
[2021.02.08-14.08.52:237][349]LogMaterial: Display: Missing cached shader map for material Material_1, compiling. 
[2021.02.08-14.08.52:265][350]LogMaterial: Display: Missing cached shader map for material Material_2, compiling. 
[2021.02.08-14.08.52:290][351]LogMaterial: Display: Missing cached shader map for material Material_3, compiling. 
[2021.02.08-14.08.55:321][621]LogShaderCompilers: Display: Worker (1/3): shaders left to compile 116
[2021.02.08-14.08.55:636][658]LogShaderCompilers: Display: Worker (2/3): shaders left to compile 106
[2021.02.08-14.08.57:414][872]LogShaderCompilers: Display: Worker (2/3): shaders left to compile 96
[2021.02.08-14.08.58:537][990]LogShaderCompilers: Display: Worker (1/3): shaders left to compile 86
[2021.02.08-14.08.58:940][ 33]LogShaderCompilers: Display: Worker (2/3): shaders left to compile 76
[2021.02.08-14.09.01:727][318]LogShaderCompilers: Display: Worker (2/3): shaders left to compile 66
[2021.02.08-14.09.01:873][335]LogShaderCompilers: Display: Worker (1/3): shaders left to compile 56
[2021.02.08-14.09.03:368][500]LogShaderCompilers: Display: Worker (2/3): shaders left to compile 46
[2021.02.08-14.09.04:070][580]LogShaderCompilers: Display: Worker (1/3): shaders left to compile 36
[2021.02.08-14.09.05:974][800]LogShaderCompilers: Display: Worker (1/3): shaders left to compile 26
[2021.02.08-14.09.06:694][885]LogShaderCompilers: Display: Worker (2/3): shaders left to compile 16
[2021.02.08-14.09.07:337][944]LogShaderCompilers: Display: Worker (1/3): shaders left to compile 7
[2021.02.08-14.09.08:872][124]LogShaderCompilers: Display: Worker (1/3): shaders left to compile 3
[2021.02.08-14.09.09:310][148]LogShaderCompilers: Display: Worker (1/3): shaders left to compile 1
[2021.02.08-14.09.17:989][ 44]LogAssetEditorSubsystem: Opening Asset editor for Blueprint /Game/ThirdPersonBP/Blueprints/ThirdPersonCharacter.ThirdPersonCharacter
[2021.02.08-14.09.19:015][ 44]LogSlate: Took 0.020832 seconds to synchronously load lazily loaded font '../../../Engine/Content/Slate/Fonts/Roboto-BoldCondensed.ttf' (158K)
[2021.02.08-14.09.19:462][ 45]LogSlate: Took 0.015677 seconds to synchronously load lazily loaded font '../../../Engine/Content/Slate/Fonts/Roboto-Italic.ttf' (157K)
[2021.02.08-14.09.44:542][872]LogAssetEditorSubsystem: Opening Asset editor for Blueprint /Game/ThirdPersonBP/Blueprints/ThirdPersonGameMode.ThirdPersonGameMode
[2021.02.08-14.09.47:000][112]LogSlate: Window 'ThirdPersonGameMode' being destroyed
[2021.02.08-14.09.47:049][112]LogWorld: UWorld::CleanupWorld for World_12, bSessionEnded=true, bCleanupResources=true
[2021.02.08-14.09.47:049][112]LogSlate: InvalidateAllWidgets triggered.  All widgets were invalidated
[2021.02.08-14.09.47:238][112]LogAssetEditorSubsystem: Opening Asset editor for Blueprint /Game/ThirdPersonBP/Blueprints/ThirdPersonGameMode.ThirdPersonGameMode
[2021.02.08-14.09.51:629][558]LogSlate: Window 'ThirdPersonGameMode' being destroyed
[2021.02.08-14.09.51:633][558]LogWorld: UWorld::CleanupWorld for World_13, bSessionEnded=true, bCleanupResources=true
[2021.02.08-14.09.51:633][558]LogSlate: InvalidateAllWidgets triggered.  All widgets were invalidated
[2021.02.08-14.10.02:020][684]LogAssetEditorSubsystem: Opening Asset editor for Blueprint /Game/CollisionBorder.CollisionBorder
[2021.02.08-14.10.08:653][356]LogAssetEditorSubsystem: Opening Asset editor for Blueprint /Game/CoverCollision.CoverCollision
[2021.02.08-14.10.26:993][472]LogRenderer: Reallocating scene render targets to support 900x688 Format 10 NumSamples 1 (Frame:1).
[2021.02.08-14.10.30:532][859]LogWorld: UWorld::CleanupWorld for World_15, bSessionEnded=true, bCleanupResources=true
[2021.02.08-14.10.30:532][859]LogSlate: InvalidateAllWidgets triggered.  All widgets were invalidated
[2021.02.08-14.10.37:342][581]LogAssetEditorSubsystem: Opening Asset editor for Blueprint /Game/Objects/CoverObjects.CoverObjects
[2021.02.08-14.11.07:380][927]LogRenderer: Reallocating scene render targets to support 2112x1712 Format 10 NumSamples 1 (Frame:21317).
[2021.02.08-15.17.29:520][ 64]LogAssetEditorSubsystem: Opening Asset editor for AnimBlueprint /Game/Mannequin/Animations/ThirdPerson_AnimBP.ThirdPerson_AnimBP
[2021.02.08-15.17.29:803][ 64]LogContentBrowser: Native class hierarchy updated for 'SkeletonEditor' in 0.0009 seconds. Added 1 classes and 2 folders.
[2021.02.08-15.17.30:445][ 64]LogActorComponent: RegisterComponentWithWorld: (/Engine/Transient.World_18:PersistentLevel.AnimationEditorPreviewActor_0.DebugSkelMeshComponent_0) Already registered. Aborting.
[2021.02.08-15.17.30:462][ 64]LogContentBrowser: Native class hierarchy updated for 'PinnedCommandList' in 0.0005 seconds. Added 1 classes and 0 folders.
[2021.02.08-15.17.31:001][ 64]LogSkeletalMesh: USkeletalMeshComponent::InitArticulated : Bodies already created (/Engine/Transient.World_18:PersistentLevel.AnimationEditorPreviewActor_0.DebugSkelMeshComponent_0) - call TermArticulated first.
[2021.02.08-15.17.32:132][ 64]LogContentBrowser: Verbose: The majority of assets in the view are of type: AnimSequence
[2021.02.08-15.18.36:163][ 56]LogTemp: Repeating last play command: New Editor Window (PIE)
[2021.02.08-15.18.36:185][ 56]LogBlueprintUserMessages: Early PlayInEditor Detection: Level '/Game/ThirdPersonBP/Maps/ThirdPersonExampleMap.ThirdPersonExampleMap:PersistentLevel' has LevelScriptBlueprint '/Game/ThirdPersonBP/Maps/ThirdPersonExampleMap.ThirdPersonExampleMap:PersistentLevel.ThirdPersonExampleMap' with GeneratedClass '/Game/ThirdPersonBP/Maps/ThirdPersonExampleMap.ThirdPersonExampleMap_C' with ClassGeneratedBy '/Game/ThirdPersonBP/Maps/ThirdPersonExampleMap.ThirdPersonExampleMap:PersistentLevel.ThirdPersonExampleMap'
[2021.02.08-15.18.36:210][ 56]LogPlayLevel: PlayLevel: No blueprints needed recompiling
[2021.02.08-15.18.36:211][ 56]PIE: New page: Sessão de PIE : ThirdPersonExampleMap (8 de fev de 2021 10:18:36)
[2021.02.08-15.18.36:211][ 56]LogPlayLevel: Creating play world package: /Game/ThirdPersonBP/Maps/UEDPIE_0_ThirdPersonExampleMap
[2021.02.08-15.18.36:266][ 56]LogPlayLevel: PIE: StaticDuplicateObject took: (0.054332s)
[2021.02.08-15.18.36:285][ 56]LogAIModule: Creating AISystem for world ThirdPersonExampleMap
[2021.02.08-15.18.36:285][ 56]LogPlayLevel: PIE: World Init took: (0.019346s)
[2021.02.08-15.18.36:285][ 56]LogPlayLevel: PIE: Created PIE world by copying editor world from /Game/ThirdPersonBP/Maps/ThirdPersonExampleMap.ThirdPersonExampleMap to /Game/ThirdPersonBP/Maps/UEDPIE_0_ThirdPersonExampleMap.ThirdPersonExampleMap (0.073943s)
[2021.02.08-15.18.36:683][ 56]LogUObjectHash: Compacting FUObjectHashTables data took  33.00ms
[2021.02.08-15.18.36:771][ 56]LogAudioMixer: Display: Audio Mixer Platform Settings:
[2021.02.08-15.18.36:771][ 56]LogAudioMixer: Display: 	Sample Rate:						  48000
[2021.02.08-15.18.36:771][ 56]LogAudioMixer: Display: 	Callback Buffer Frame Size Requested: 1024
[2021.02.08-15.18.36:771][ 56]LogAudioMixer: Display: 	Callback Buffer Frame Size To Use:	  1024
[2021.02.08-15.18.36:771][ 56]LogAudioMixer: Display: 	Number of buffers to queue:			  2
[2021.02.08-15.18.36:771][ 56]LogAudioMixer: Display: 	Max Channels (voices):				  32
[2021.02.08-15.18.36:771][ 56]LogAudioMixer: Display: 	Number of Async Source Workers:		  0
[2021.02.08-15.18.36:771][ 56]LogAudio: Display: AudioDevice MaxSources: 32
[2021.02.08-15.18.36:771][ 56]LogAudio: Display: Using built-in audio occlusion.
[2021.02.08-15.18.36:771][ 56]LogAudioMixer: Display: Initializing audio mixer.
[2021.02.08-15.18.36:797][ 56]LogAudioMixer: Display: Audio Device Output Speaker Info:
[2021.02.08-15.18.36:797][ 56]LogAudioMixer: Display: Name: Alto-falantes (Realtek(R) Audio)
[2021.02.08-15.18.36:797][ 56]LogAudioMixer: Display: Is Default: Yes
[2021.02.08-15.18.36:797][ 56]LogAudioMixer: Display: Sample Rate: 48000
[2021.02.08-15.18.36:797][ 56]LogAudioMixer: Display: Channel Count Used: 2
[2021.02.08-15.18.36:797][ 56]LogAudioMixer: Display: Device Channel Count: 2
[2021.02.08-15.18.36:797][ 56]LogAudioMixer: Display: Channel Order:
[2021.02.08-15.18.36:797][ 56]LogAudioMixer: Display: 0: FrontLeft
[2021.02.08-15.18.36:797][ 56]LogAudioMixer: Display: 1: FrontRight
[2021.02.08-15.18.36:815][ 56]LogAudioMixer: Display: Using Audio Device Alto-falantes (Realtek(R) Audio)
[2021.02.08-15.18.36:843][ 56]LogInit: FAudioDevice initialized.
[2021.02.08-15.18.36:927][ 56]LogSlate: Updating window title bar state: overlay mode, drag disabled, window buttons hidden, title bar hidden
[2021.02.08-15.18.36:928][ 56]LogLoad: Game class is 'ThirdPersonGameMode_C'
[2021.02.08-15.18.36:931][ 56]LogWorld: Bringing World /Game/ThirdPersonBP/Maps/UEDPIE_0_ThirdPersonExampleMap.ThirdPersonExampleMap up for play (max tick rate 0) at 2021.02.08-12.18.36
[2021.02.08-15.18.36:931][ 56]LogWorld: Bringing up level for play took: 0.002938
[2021.02.08-15.18.36:932][ 56]LogOnline: OSS: Creating online subsystem instance for: :Context_22
[2021.02.08-15.18.36:968][ 56]PIE: Momento de início de reprodução no editor para /Game/ThirdPersonBP/Maps/UEDPIE_0_ThirdPersonExampleMap 0,718
[2021.02.08-15.18.36:968][ 56]LogBlueprintUserMessages: Late PlayInEditor Detection: Level '/Game/ThirdPersonBP/Maps/ThirdPersonExampleMap.ThirdPersonExampleMap:PersistentLevel' has LevelScriptBlueprint '/Game/ThirdPersonBP/Maps/ThirdPersonExampleMap.ThirdPersonExampleMap:PersistentLevel.ThirdPersonExampleMap' with GeneratedClass '/Game/ThirdPersonBP/Maps/ThirdPersonExampleMap.ThirdPersonExampleMap_C' with ClassGeneratedBy '/Game/ThirdPersonBP/Maps/ThirdPersonExampleMap.ThirdPersonExampleMap:PersistentLevel.ThirdPersonExampleMap'
[2021.02.08-15.19.24:364][726]LogAudioMixer: Display: No commands were queued while flushing the source manager.
[2021.02.08-15.19.24:365][726]LogAudioMixer: Display: No commands were queued while flushing the source manager.
[2021.02.08-15.19.24:365][726]LogBlueprintUserMessages: Early EndPlayMap Detection: Level '/Game/ThirdPersonBP/Maps/ThirdPersonExampleMap.ThirdPersonExampleMap:PersistentLevel' has LevelScriptBlueprint '/Game/ThirdPersonBP/Maps/ThirdPersonExampleMap.ThirdPersonExampleMap:PersistentLevel.ThirdPersonExampleMap' with GeneratedClass '/Game/ThirdPersonBP/Maps/ThirdPersonExampleMap.ThirdPersonExampleMap_C' with ClassGeneratedBy '/Game/ThirdPersonBP/Maps/ThirdPersonExampleMap.ThirdPersonExampleMap:PersistentLevel.ThirdPersonExampleMap'
[2021.02.08-15.19.24:365][726]LogSlate: Updating window title bar state: overlay mode, drag disabled, window buttons hidden, title bar hidden
[2021.02.08-15.19.24:365][726]LogWorld: BeginTearingDown for /Game/ThirdPersonBP/Maps/UEDPIE_0_ThirdPersonExampleMap
[2021.02.08-15.19.24:378][726]LogSlate: Window 'System_02 Visualização do Jogo Standalone(64-bit/PCD3D_SM5)' being destroyed
[2021.02.08-15.19.24:382][726]LogAudioMixer: Display: No commands were queued while flushing the source manager.
[2021.02.08-15.19.24:382][726]LogWorld: UWorld::CleanupWorld for ThirdPersonExampleMap, bSessionEnded=true, bCleanupResources=true
[2021.02.08-15.19.24:382][726]LogSlate: InvalidateAllWidgets triggered.  All widgets were invalidated
[2021.02.08-15.19.24:427][726]LogPlayLevel: Display: Shutting down PIE online subsystems
[2021.02.08-15.19.24:427][726]LogBlueprintUserMessages: Late EndPlayMap Detection: Level '/Game/ThirdPersonBP/Maps/ThirdPersonExampleMap.ThirdPersonExampleMap:PersistentLevel' has LevelScriptBlueprint '/Game/ThirdPersonBP/Maps/ThirdPersonExampleMap.ThirdPersonExampleMap:PersistentLevel.ThirdPersonExampleMap' with GeneratedClass '/Game/ThirdPersonBP/Maps/ThirdPersonExampleMap.ThirdPersonExampleMap_C' with ClassGeneratedBy '/Game/ThirdPersonBP/Maps/ThirdPersonExampleMap.ThirdPersonExampleMap:PersistentLevel.ThirdPersonExampleMap'
[2021.02.08-15.19.24:431][726]LogSlate: InvalidateAllWidgets triggered.  All widgets were invalidated
[2021.02.08-15.19.24:468][726]LogAudioMixer: Display: No commands were queued while flushing the source manager.
[2021.02.08-15.19.24:476][726]LogUObjectHash: Compacting FUObjectHashTables data took   3.22ms
[2021.02.08-15.19.24:505][727]LogPlayLevel: Display: Destroying online subsystem :Context_22
[2021.02.08-15.31.25:519][ 25]LogUObjectHash: Compacting FUObjectHashTables data took   2.62ms
[2021.02.08-15.31.25:533][ 25]LogFileHelpers: Editor autosave (incl. sublevels) for '/Game/ThirdPersonBP/Maps/ThirdPersonExampleMap' took 0.059
[2021.02.08-15.31.25:609][ 25]OBJ SavePackage: Generating thumbnails for [1] asset(s) in package [/Game/ThirdPersonBP/Blueprints/ThirdPersonCharacter] ([1] browsable assets)...
[2021.02.08-15.31.25:656][ 25]OBJ SavePackage:     Rendered thumbnail for [Blueprint /Game/ThirdPersonBP/Blueprints/ThirdPersonCharacter.ThirdPersonCharacter]
[2021.02.08-15.31.25:657][ 25]OBJ SavePackage: Finished generating thumbnails for package [/Game/ThirdPersonBP/Blueprints/ThirdPersonCharacter]
[2021.02.08-15.31.26:108][ 25]LogSavePackage: Moving '../../../../../../Downloads/Portfolio/System_02/CoverSystem/System_02/Saved/ThirdPersonCharacter_Auto1C54D7BBB4B27FCDA1F69DF9299774BA4.tmp' to '../../../../../../Downloads/Portfolio/System_02/CoverSystem/System_02/Saved/Autosaves/Game/ThirdPersonBP/Blueprints/ThirdPersonCharacter_Auto1.uasset'
[2021.02.08-15.31.26:173][ 25]LogFileHelpers: Auto-saving content packages took 0.640
[2021.02.08-15.34.13:627][379]LogSavePackage: Moving '../../../../../../Downloads/Portfolio/System_02/CoverSystem/System_02/Saved/ThirdPersonCharacterD0A355B249B2AF092D2567AC9C26279C.tmp' to '../../../../../../Downloads/Portfolio/System_02/CoverSystem/System_02/Content/ThirdPersonBP/Blueprints/ThirdPersonCharacter.uasset'
[2021.02.08-15.34.13:741][379]AssetCheck: New page: Asset Save: ThirdPersonCharacter
[2021.02.08-15.34.13:741][379]LogContentValidation: Display: Validating Blueprint /Game/ThirdPersonBP/Blueprints/ThirdPersonCharacter.ThirdPersonCharacter
